
LICENSE SYSTEM [2018412 16:8:6] Next license update check is after 2018-04-13T05:02:58

DisplayProgressbar: Unity license
[Package Manager] Server::Start -- Port 55220 was selected

 COMMAND LINE ARGUMENTS:
/Applications/Unity/Unity.app/Contents/MacOS/Unity
-batchmode
-quit
-logFile
./build.log
-projectPath
/Users/sunyuli/Dev/UnityProjects/LearnUnity01/fastlane/../
-buildTarget
ios
-executeMethod
BuildProject.BuildIOS
Successfully changed project path to: /Users/sunyuli/Dev/UnityProjects/LearnUnity01/fastlane/../
/Users/sunyuli/Dev/UnityProjects/LearnUnity01
Loading GUID <-> Path mappings...0.000088 seconds
Loading Asset Database...0.047150 seconds
Audio: FMOD Profiler initialized on port 54900
AssetDatabase consistency checks...0.073942 seconds
Targeting platform: ios
Refreshing native plugins compatible for Editor in 11.50 ms, found 1 plugins.
Preloading 0 native plugins for Editor in 0.00 ms.
DisplayProgressbar: Unity Package Manager
[Package Manager] Resolving 3 packages:
[Package Manager]  * Package :  com.unity.ads@1.0.7
    (location: /Users/sunyuli/Library/Unity/cache/packages/packages.unity.com/com.unity.ads@1.0.7)
[Package Manager]  * Package :  com.unity.analytics@1.0.1
    (location: /Users/sunyuli/Library/Unity/cache/packages/packages.unity.com/com.unity.analytics@1.0.1)
[Package Manager]  * Package :  com.unity.purchasing@1.0.1
    (location: /Users/sunyuli/Library/Unity/cache/packages/packages.unity.com/com.unity.purchasing@1.0.1)
[Package Manager] Resolve completed
Initialize engine version: 2017.2.1p2 (1dc514532f08)
GfxDevice: creating device client; threaded=0
Renderer: Intel(R) Iris(TM) Plus Graphics 640
Vendor:   Intel Inc.
Version:  4.1 INTEL-10.32.48
GLES:     0
 GL_ARB_blend_func_extended GL_ARB_draw_buffers_blend GL_ARB_draw_indirect GL_ARB_ES2_compatibility GL_ARB_explicit_attrib_location GL_ARB_gpu_shader_fp64 GL_ARB_gpu_shader5 GL_ARB_instanced_arrays GL_ARB_internalformat_query GL_ARB_occlusion_query2 GL_ARB_sample_shading GL_ARB_sampler_objects GL_ARB_separate_shader_objects GL_ARB_shader_bit_encoding GL_ARB_shader_subroutine GL_ARB_shading_language_include GL_ARB_tessellation_shader GL_ARB_texture_buffer_object_rgb32 GL_ARB_texture_cube_map_array GL_ARB_texture_gather GL_ARB_texture_query_lod GL_ARB_texture_rgb10_a2ui GL_ARB_texture_storage GL_ARB_texture_swizzle GL_ARB_timer_query GL_ARB_transform_feedback2 GL_ARB_transform_feedback3 GL_ARB_vertex_attrib_64bit GL_ARB_vertex_type_2_10_10_10_rev GL_ARB_viewport_array GL_EXT_debug_label GL_EXT_debug_marker GL_EXT_framebuffer_multisample_blit_scaled GL_EXT_texture_compression_s3tc GL_EXT_texture_filter_anisotropic GL_EXT_texture_sRGB_decode GL_APPLE_client_storage GL_APPLE_container_object_shareable GL_APPLE_fl
ush_render GL_APPLE_object_purgeable GL_APPLE_rgb_422 GL_APPLE_row_bytes GL_APPLE_texture_range GL_ATI_texture_mirror_once GL_NV_texture_barrier
OPENGL LOG: Creating OpenGL 4.1 graphics device ; Context level  <OpenGL 4.1> ; Context handle 252223488
Initialize mono
Mono path[0] = '/Applications/Unity/Unity.app/Contents/Managed'
Mono path[1] = '/Applications/Unity/Unity.app/Contents/Mono/lib/mono/2.0'
Mono config path = '/Applications/Unity/Unity.app/Contents/Mono/etc'
Using monoOptions --debugger-agent=transport=dt_socket,embedding=1,defer=y,address=0.0.0.0:56969
Begin MonoManager ReloadAssembly
Initializing Unity.PackageManager (PackageManager) v2017.2.1 for Unity v2017.2.1p2
Registering precompiled unity dll's ...
Register platform support module: /Applications/Unity/PlaybackEngines/AndroidPlayer/UnityEditor.Android.Extensions.dll
Register platform support module: /Applications/Unity/PlaybackEngines/iOSSupport/UnityEditor.iOS.Extensions.dll
Register platform support module: /Applications/Unity/Unity.app/Contents/PlaybackEngines/MacStandaloneSupport/UnityEditor.OSXStandalone.Extensions.dll
Registered in 0.000767 seconds.
Refreshing native plugins compatible for Editor in 0.43 ms, found 4 plugins.
Preloading 1 native plugins for Editor in 4.68 ms.
Mono: successfully reloaded assembly
- Completed reload, in  0.879 seconds
Registering platform support modules:
Registered platform support modules in: 0.101351s.
Native extension for OSXStandalone target not found
Native extension for iOS target not found
Native extension for Android target not found
Begin MonoManager ReloadAssembly
Registering precompiled user dll's ...
Registered in 0.018667 seconds.
Refreshing native plugins compatible for Editor in 0.45 ms, found 4 plugins.
Preloading 1 native plugins for Editor in 0.42 ms.
Mono: successfully reloaded assembly
- Completed reload, in  0.627 seconds
Initializing Unity.PackageManager (PackageManager) v2017.2.1 for Unity v2017.2.1p2
Registering platform support modules:
Registered platform support modules in: 0.051796s.
Native extension for OSXStandalone target not found
Native extension for iOS target not found
Native extension for Android target not found
Validating Project structure ... 0.000724 seconds.
Refresh: detecting if any assets need to be imported or removed ... Removing Assets/Editor/Build/exportOptions.plist because the asset does not exist
 
(Filename: /Users/builduser/buildslave/unity/build/Modules/AssetDatabase/Editor/V1/AssetInterface.cpp Line: 740)

Removing Assets/Editor/Build/fastlane because the asset does not exist
 
(Filename: /Users/builduser/buildslave/unity/build/Modules/AssetDatabase/Editor/V1/AssetInterface.cpp Line: 740)


Hashing assets ... 0.000 seconds
  file open: 0.000 seconds (4 files)
  file read: 0.000 seconds (0.008 MB)
  hash: 0.000 seconds
----- Compute hash(es) for 2 asset(s).

*** assets/editor/build/buildproject.cs replaces assets/build/buildproject.cs for guid 81af2011c6b0b4f1fa98659ad80daecf 
*** 81af2011c6b0b4f1fa98659ad80daecf replaces 744a14716d7a34bcd8fcbc4401c3cf43 at path assets/editor/build/buildproject.cs 
*** assets/editor/build/shellhelper.cs replaces assets/build/shellhelper.cs for guid 6a54f5be0d3e647519988a243cf88490 
*** 6a54f5be0d3e647519988a243cf88490 replaces 1e8f5a900be2d49d6b18e8c016cd16c1 at path assets/editor/build/shellhelper.cs 
Refresh: elapses 0.055852 seconds
Refresh: trashing asset 1e8f5a900be2d49d6b18e8c016cd16c1
Refresh: trashing asset bdf464c090f654ae28abc902a6d4f9bc
Refresh: trashing asset 032fda1142e2b44f5b4240120cb487f7
Refresh: trashing asset 2bbb8161d05164a028daa7b8f88cd28c
Refresh: trashing asset 744a14716d7a34bcd8fcbc4401c3cf43
Refresh: trashing asset 073d45120de6b4949b3bde62226f38b7
Refresh: trashing asset 0aad3e376d35e4a0e87fb1ddec76a9bb
Refresh: trashing asset c768f07810bbb427eb4df9c23a529ba3
Refresh: trashing asset 57bcc2c9ec94043acac7663167683365
Refresh: trashing asset e7c55b9c8ffb24610b0c0379a48664b7
Updating Assets/Editor - GUID: 58306798c38164dd2af6a698cb3d54cb...
 done. [Time: 46.664564 ms] 
Updating Assets/Editor/Build - GUID: 3e9fd1413bf7a4b3daa29a9422a46439...
 done. [Time: 2.224602 ms] 
Updating Assets/Editor/Build/BuildProject.cs - GUID: 81af2011c6b0b4f1fa98659ad80daecf...
 done. [Time: 61.737595 ms] 
Updating Assets/Editor/Build/ShellHelper.cs - GUID: 6a54f5be0d3e647519988a243cf88490...
 done. [Time: 15.478434 ms] 
- Starting compile Library/ScriptAssemblies/Assembly-CSharp-Editor.dll

-----Compiler Commandline Arguments:
Filename: /Applications/Unity/Unity.app/Contents/MonoBleedingEdge/bin/mono
Arguments: '/Applications/Unity/Unity.app/Contents/MonoBleedingEdge/lib/mono/4.5/mcs.exe'  @Temp/UnityTempFile-9e5888e9254fb45d28197853327934f9
index: 81
Responsefile: Temp/UnityTempFile-9e5888e9254fb45d28197853327934f9 Contents: 
-debug
-target:library
-nowarn:0169
-langversion:4
-out:'Temp/Assembly-CSharp-Editor.dll'
-unsafe
-r:'/Applications/Unity/Unity.app/Contents/Managed/UnityEditor.dll'
-r:'/Applications/Unity/Unity.app/Contents/Managed/UnityEngine/UnityEngine.dll'
-r:'/Applications/Unity/Unity.app/Contents/Managed/UnityEngine/UnityEngine.CoreModule.dll'
-r:'/Applications/Unity/Unity.app/Contents/Managed/UnityEngine/UnityEngine.AccessibilityModule.dll'
-r:'/Applications/Unity/Unity.app/Contents/Managed/UnityEngine/UnityEngine.ParticleSystemModule.dll'
-r:'/Applications/Unity/Unity.app/Contents/Managed/UnityEngine/UnityEngine.PhysicsModule.dll'
-r:'/Applications/Unity/Unity.app/Contents/Managed/UnityEngine/UnityEngine.VehiclesModule.dll'
-r:'/Applications/Unity/Unity.app/Contents/Managed/UnityEngine/UnityEngine.ClothModule.dll'
-r:'/Applications/Unity/Unity.app/Contents/Managed/UnityEngine/UnityEngine.AIModule.dll'
-r:'/Applications/Unity/Unity.app/Contents/Managed/UnityEngine/UnityEngine.AnimationModule.dll'
-r:'/Applications/Unity/Unity.app/Contents/Managed/UnityEngine/UnityEngine.TextRenderingModule.dll'
-r:'/Applications/Unity/Unity.app/Contents/Managed/UnityEngine/UnityEngine.UIModule.dll'
-r:'/Applications/Unity/Unity.app/Contents/Managed/UnityEngine/UnityEngine.TerrainPhysicsModule.dll'
-r:'/Applications/Unity/Unity.app/Contents/Managed/UnityEngine/UnityEngine.IMGUIModule.dll'
-r:'/Applications/Unity/Unity.app/Contents/Managed/UnityEngine/UnityEngine.UnityWebRequestModule.dll'
-r:'/Applications/Unity/Unity.app/Contents/Managed/UnityEngine/UnityEngine.UnityWebRequestAudioModule.dll'
-r:'/Applications/Unity/Unity.app/Contents/Managed/UnityEngine/UnityEngine.UnityWebRequestTextureModule.dll'
-r:'/Applications/Unity/Unity.app/Contents/Managed/UnityEngine/UnityEngine.UnityWebRequestWWWModule.dll'
-r:'/Applications/Unity/Unity.app/Contents/Managed/UnityEngine/UnityEngine.ClusterInputModule.dll'
-r:'/Applications/Unity/Unity.app/Contents/Managed/UnityEngine/UnityEngine.ClusterRendererModule.dll'
-r:'/Applications/Unity/Unity.app/Contents/Managed/UnityEngine/UnityEngine.UNETModule.dll'
-r:'/Applications/Unity/Unity.app/Contents/Managed/UnityEngine/UnityEngine.DirectorModule.dll'
-r:'/Applications/Unity/Unity.app/Contents/Managed/UnityEngine/UnityEngine.UnityAnalyticsModule.dll'
-r:'/Applications/Unity/Unity.app/Contents/Managed/UnityEngine/UnityEngine.CrashReportingModule.dll'
-r:'/Applications/Unity/Unity.app/Contents/Managed/UnityEngine/UnityEngine.PerformanceReportingModule.dll'
-r:'/Applications/Unity/Unity.app/Contents/Managed/UnityEngine/UnityEngine.UnityConnectModule.dll'
-r:'/Applications/Unity/Unity.app/Contents/Managed/UnityEngine/UnityEngine.WebModule.dll'
-r:'/Applications/Unity/Unity.app/Contents/Managed/UnityEngine/UnityEngine.ARModule.dll'
-r:'/Applications/Unity/Unity.app/Contents/Managed/UnityEngine/UnityEngine.VRModule.dll'
-r:'/Applications/Unity/Unity.app/Contents/Managed/UnityEngine/UnityEngine.UIElementsModule.dll'
-r:'/Applications/Unity/Unity.app/Contents/Managed/UnityEngine/UnityEngine.StyleSheetsModule.dll'
-r:'/Applications/Unity/Unity.app/Contents/Managed/UnityEngine/UnityEngine.AudioModule.dll'
-r:'/Applications/Unity/Unity.app/Contents/Managed/UnityEngine/UnityEngine.GameCenterModule.dll'
-r:'/Applications/Unity/Unity.app/Contents/Managed/UnityEngine/UnityEngine.GridModule.dll'
-r:'/Applications/Unity/Unity.app/Contents/Managed/UnityEngine/UnityEngine.ImageConversionModule.dll'
-r:'/Applications/Unity/Unity.app/Contents/Managed/UnityEngine/UnityEngine.InputModule.dll'
-r:'/Applications/Unity/Unity.app/Contents/Managed/UnityEngine/UnityEngine.JSONSerializeModule.dll'
-r:'/Applications/Unity/Unity.app/Contents/Managed/UnityEngine/UnityEngine.ParticlesLegacyModule.dll'
-r:'/Applications/Unity/Unity.app/Contents/Managed/UnityEngine/UnityEngine.Physics2DModule.dll'
-r:'/Applications/Unity/Unity.app/Contents/Managed/UnityEngine/UnityEngine.ScreenCaptureModule.dll'
-r:'/Applications/Unity/Unity.app/Contents/Managed/UnityEngine/UnityEngine.SpriteMaskModule.dll'
-r:'/Applications/Unity/Unity.app/Contents/Managed/UnityEngine/UnityEngine.TerrainModule.dll'
-r:'/Applications/Unity/Unity.app/Contents/Managed/UnityEngine/UnityEngine.TilemapModule.dll'
-r:'/Applications/Unity/Unity.app/Contents/Managed/UnityEngine/UnityEngine.VideoModule.dll'
-r:'/Applications/Unity/Unity.app/Contents/Managed/UnityEngine/UnityEngine.WindModule.dll'
-r:'/Applications/Unity/Unity.app/Contents/UnityExtensions/Unity/UIAutomation/UnityEngine.UIAutomation.dll'
-r:'/Applications/Unity/Unity.app/Contents/UnityExtensions/Unity/UIAutomation/Editor/UnityEditor.UIAutomation.dll'
-r:'/Applications/Unity/Unity.app/Contents/UnityExtensions/Unity/TestRunner/Editor/UnityEditor.TestRunner.dll'
-r:'/Applications/Unity/Unity.app/Contents/UnityExtensions/Unity/TestRunner/UnityEngine.TestRunner.dll'
-r:'/Applications/Unity/Unity.app/Contents/UnityExtensions/Unity/TestRunner/net35/unity-custom/nunit.framework.dll'
-r:'/Applications/Unity/Unity.app/Contents/UnityExtensions/Unity/Networking/UnityEngine.Networking.dll'
-r:'/Applications/Unity/Unity.app/Contents/UnityExtensions/Unity/Networking/Editor/UnityEditor.Networking.dll'
-r:'/Applications/Unity/Unity.app/Contents/UnityExtensions/Unity/GUISystem/UnityEngine.UI.dll'
-r:'/Applications/Unity/Unity.app/Contents/UnityExtensions/Unity/GUISystem/Editor/UnityEditor.UI.dll'
-r:'/Applications/Unity/Unity.app/Contents/UnityExtensions/Unity/Timeline/RuntimeEditor/UnityEngine.Timeline.dll'
-r:'/Applications/Unity/Unity.app/Contents/UnityExtensions/Unity/Timeline/Editor/UnityEditor.Timeline.dll'
-r:'/Applications/Unity/Unity.app/Contents/UnityExtensions/Unity/TreeEditor/Editor/UnityEditor.TreeEditor.dll'
-r:'/Applications/Unity/Unity.app/Contents/UnityExtensions/Unity/UnityGoogleAudioSpatializer/Editor/UnityEditor.GoogleAudioSpatializer.dll'
-r:'/Applications/Unity/Unity.app/Contents/UnityExtensions/Unity/UnityGoogleAudioSpatializer/RuntimeEditor/UnityEngine.GoogleAudioSpatializer.dll'
-r:'/Applications/Unity/Unity.app/Contents/UnityExtensions/Unity/UnityHoloLens/Editor/UnityEditor.HoloLens.dll'
-r:'/Applications/Unity/Unity.app/Contents/UnityExtensions/Unity/UnityHoloLens/RuntimeEditor/UnityEngine.HoloLens.dll'
-r:'/Applications/Unity/Unity.app/Contents/UnityExtensions/Unity/UnitySpatialTracking/Editor/UnityEditor.SpatialTracking.dll'
-r:'/Applications/Unity/Unity.app/Contents/UnityExtensions/Unity/UnitySpatialTracking/RuntimeEditor/UnityEngine.SpatialTracking.dll'
-r:'/Applications/Unity/Unity.app/Contents/UnityExtensions/Unity/UnityVR/Editor/UnityEditor.VR.dll'
-r:'/Applications/Unity/PlaybackEngines/VuforiaSupport/Managed/Editor/Vuforia.UnityExtensions.Editor.dll'
-r:'/Applications/Unity/PlaybackEngines/VuforiaSupport/Managed/Runtime/Vuforia.UnityExtensions.dll'
-r:'/Applications/Unity/Unity.app/Contents/Managed/UnityEditor.Graphs.dll'
-r:'/Applications/Unity/PlaybackEngines/AndroidPlayer/UnityEditor.Android.Extensions.dll'
-r:'/Applications/Unity/PlaybackEngines/iOSSupport/UnityEditor.iOS.Extensions.dll'
-r:'/Applications/Unity/Unity.app/Contents/PlaybackEngines/MacStandaloneSupport/UnityEditor.OSXStandalone.Extensions.dll'
-r:'/Users/sunyuli/Library/Unity/cache/packages/packages.unity.com/com.unity.ads@1.0.7/Editor/UnityEditor.Advertisements.dll'
-r:'/Users/sunyuli/Library/Unity/cache/packages/packages.unity.com/com.unity.analytics@1.0.1/UnityEngine.Analytics.dll'
-r:'/Users/sunyuli/Library/Unity/cache/packages/packages.unity.com/com.unity.analytics@1.0.1/Editor/UnityEditor.Analytics.dll'
-r:'/Users/sunyuli/Library/Unity/cache/packages/packages.unity.com/com.unity.purchasing@1.0.1/UnityEngine.Purchasing.dll'
-r:'/Users/sunyuli/Library/Unity/cache/packages/packages.unity.com/com.unity.purchasing@1.0.1/Editor/UnityEditor.Purchasing.dll'
-r:'/Applications/Unity/PlaybackEngines/iOSSupport/UnityEditor.iOS.Extensions.Xcode.dll'
-r:'/Applications/Unity/PlaybackEngines/iOSSupport/UnityEditor.iOS.Extensions.Common.dll'
-define:UNITY_5_3_OR_NEWER
-define:UNITY_5_4_OR_NEWER
-define:UNITY_5_5_OR_NEWER
-define:UNITY_5_6_OR_NEWER
-define:UNITY_2017_1_OR_NEWER
-define:UNITY_2017_2_OR_NEWER
-define:UNITY_2017_2_1
-define:UNITY_2017_2
-define:UNITY_2017
-define:ENABLE_AUDIO
-define:ENABLE_CACHING
-define:ENABLE_CLOTH
-define:ENABLE_GENERICS
-define:ENABLE_PVR_GI
-define:ENABLE_MICROPHONE
-define:ENABLE_MULTIPLE_DISPLAYS
-define:ENABLE_PHYSICS
-define:ENABLE_SPRITERENDERER_FLIPPING
-define:ENABLE_SPRITES
-define:ENABLE_GRID
-define:ENABLE_TILEMAP
-define:ENABLE_TERRAIN
-define:ENABLE_RAKNET
-define:ENABLE_DIRECTOR
-define:ENABLE_UNET
-define:ENABLE_LZMA
-define:ENABLE_UNITYEVENTS
-define:ENABLE_WEBCAM
-define:ENABLE_WWW
-define:ENABLE_CLOUD_SERVICES_COLLAB
-define:ENABLE_CLOUD_SERVICES_COLLAB_SOFTLOCKS
-define:ENABLE_CLOUD_HUB
-define:ENABLE_CLOUD_PROJECT_ID
-define:ENABLE_CLOUD_SERVICES_USE_WEBREQUEST
-define:ENABLE_CLOUD_SERVICES_UNET
-define:ENABLE_CLOUD_SERVICES_BUILD
-define:ENABLE_CLOUD_LICENSE
-define:ENABLE_EDITOR_HUB
-define:ENABLE_EDITOR_HUB_LICENSE
-define:ENABLE_WEBSOCKET_CLIENT
-define:ENABLE_DIRECTOR_AUDIO
-define:ENABLE_TIMELINE
-define:ENABLE_EDITOR_METRICS
-define:ENABLE_EDITOR_METRICS_CACHING
-define:ENABLE_NATIVE_ARRAY
-define:ENABLE_SPRITE_MASKING
-define:INCLUDE_DYNAMIC_GI
-define:INCLUDE_GI
-define:ENABLE_MONO_BDWGC
-define:PLATFORM_SUPPORTS_MONO
-define:INCLUDE_PUBNUB
-define:ENABLE_PLAYMODE_TESTS_RUNNER
-define:ENABLE_VIDEO
-define:ENABLE_RMGUI
-define:ENABLE_PACKMAN
-define:ENABLE_CUSTOM_RENDER_TEXTURE
-define:ENABLE_STYLE_SHEETS
-define:ENABLE_RUNTIME_GI
-define:ENABLE_SUBSTANCE
-define:ENABLE_GAMECENTER
-define:ENABLE_NETWORK
-define:ENABLE_UNITYWEBREQUEST
-define:ENABLE_CLOUD_SERVICES
-define:ENABLE_CLOUD_SERVICES_ADS
-define:ENABLE_CLOUD_SERVICES_ANALYTICS
-define:ENABLE_CLOUD_SERVICES_PURCHASING
-define:ENABLE_CLOUD_SERVICES_CRASH_REPORTING
-define:ENABLE_CLOUD_SERVICES_IOS_NATIVE_CRASH_REPORTING
-define:PLAYERCONNECTION_LISTENS_FIXED_PORT
-define:DEBUGGER_LISTENS_FIXED_PORT
-define:PLATFORM_SUPPORTS_ADS_ID
-define:SUPPORT_ENVIRONMENT_VARIABLES
-define:PLATFORM_SUPPORTS_PROFILER
-define:PLATFORM_HAS_NO_SUPPORT_FOR_BUCKET_ALLOCATOR
-define:STRICTCPP_NEW_DELETE_SIGNATURES
-define:HAS_NEON_SKINNIG
-define:UNITY_GFX_USE_PLATFORM_VSYNC
-define:UNITY_INPUT_SIMULATE_EVENTS
-define:PLATFORM_ALWAYS_USES_STDOUT_FOR_LOG
-define:ENABLE_VR
-define:ENABLE_AR
-define:ENABLE_SPATIALTRACKING
-define:ENABLE_UNITYADS_RUNTIME
-define:UNITY_UNITYADS_API
-define:PLATFORM_IOS
-define:UNITY_IOS
-define:PLATFORM_IPHONE
-define:UNITY_IPHONE
-define:UNITY_IPHONE_API
-define:SUPPORT_MULTIPLE_DISPLAYS
-define:ENABLE_IL2CPP
-define:NET_2_0_SUBSET
-define:ENABLE_PROFILER
-define:DEBUG
-define:TRACE
-define:UNITY_ASSERTIONS
-define:UNITY_EDITOR
-define:UNITY_EDITOR_64
-define:UNITY_EDITOR_OSX
-define:ENABLE_NATIVE_ARRAY_CHECKS
-define:UNITY_TEAM_LICENSE
-define:ENABLE_IOS_ON_DEMAND_RESOURCES
-define:ENABLE_IOS_APP_SLICING
-define:UNITY_HAS_GOOGLEVR
'Assets/Editor/Build/BuildProject.cs'
'Assets/Editor/Build/ShellHelper.cs'
-r:'/Applications/Unity/Unity.app/Contents/MonoBleedingEdge/lib/mono/2.0-api/System.Runtime.Serialization.dll'
-r:'/Applications/Unity/Unity.app/Contents/MonoBleedingEdge/lib/mono/2.0-api/System.Xml.Linq.dll'
-r:'/Applications/Unity/Unity.app/Contents/MonoBleedingEdge/lib/mono/2.0-api/UnityScript.dll'
-r:'/Applications/Unity/Unity.app/Contents/MonoBleedingEdge/lib/mono/2.0-api/UnityScript.Lang.dll'
-r:'/Applications/Unity/Unity.app/Contents/MonoBleedingEdge/lib/mono/2.0-api/Boo.Lang.dll'
-sdk:2.0

-----CompilerOutput:-stdout--exitcode: 0--compilationhadfailure: False--outfile: Temp/Assembly-CSharp-Editor.dll
Compilation succeeded - 1 warning(s)
-----CompilerOutput:-stderr----------
Assets/Editor/Build/BuildProject.cs(29,23): warning CS0168: The variable `e' is declared but never used
-----EndCompilerOutput---------------
- Finished compile Library/ScriptAssemblies/Assembly-CSharp-Editor.dll
Assets/Editor/Build/BuildProject.cs(29,23): warning CS0168: The variable `e' is declared but never used
 
(Filename: Assets/Editor/Build/BuildProject.cs Line: 29)

Reloading assemblies after script compilation.
Begin MonoManager ReloadAssembly
Refreshing native plugins compatible for Editor in 0.42 ms, found 4 plugins.
Preloading 1 native plugins for Editor in 0.43 ms.
Mono: successfully reloaded assembly
- Completed reload, in  0.727 seconds
Initializing Unity.PackageManager (PackageManager) v2017.2.1 for Unity v2017.2.1p2
Registering platform support modules:
Registered platform support modules in: 0.043883s.
Native extension for OSXStandalone target not found
Native extension for iOS target not found
Native extension for Android target not found
Unloading 2 Unused Serialized files (Serialized files now loaded: 0)
System memory in use before: 195.7 MB.
System memory in use after: 195.8 MB.

Unloading 144 unused Assets to reduce memory usage. Loaded Objects now: 773.
Total: 1.394447 ms (FindLiveObjects: 0.098809 ms CreateObjectMapping: 0.030682 ms MarkObjects: 1.069053 ms  DeleteObjects: 0.187809 ms)

Updating Assets/Editor/Build - GUID: 3e9fd1413bf7a4b3daa29a9422a46439...
 done. [Time: 53.659888 ms] 
Updating Assets/Editor/Build/ShellHelper.cs - GUID: 6a54f5be0d3e647519988a243cf88490...
 done. [Time: 70.641614 ms] 
Updating Assets/Editor/Build/BuildProject.cs - GUID: 81af2011c6b0b4f1fa98659ad80daecf...
 done. [Time: 11.633335 ms] 
- Starting compile Library/ScriptAssemblies/Assembly-CSharp-Editor.dll

-----Compiler Commandline Arguments:
Filename: /Applications/Unity/Unity.app/Contents/MonoBleedingEdge/bin/mono
Arguments: '/Applications/Unity/Unity.app/Contents/MonoBleedingEdge/lib/mono/4.5/mcs.exe'  @Temp/UnityTempFile-387235d8d51ff4c1fb156163cf8524d0
index: 81
Responsefile: Temp/UnityTempFile-387235d8d51ff4c1fb156163cf8524d0 Contents: 
-debug
-target:library
-nowarn:0169
-langversion:4
-out:'Temp/Assembly-CSharp-Editor.dll'
-unsafe
-r:'/Applications/Unity/Unity.app/Contents/Managed/UnityEditor.dll'
-r:'/Applications/Unity/Unity.app/Contents/Managed/UnityEngine/UnityEngine.dll'
-r:'/Applications/Unity/Unity.app/Contents/Managed/UnityEngine/UnityEngine.CoreModule.dll'
-r:'/Applications/Unity/Unity.app/Contents/Managed/UnityEngine/UnityEngine.AccessibilityModule.dll'
-r:'/Applications/Unity/Unity.app/Contents/Managed/UnityEngine/UnityEngine.ParticleSystemModule.dll'
-r:'/Applications/Unity/Unity.app/Contents/Managed/UnityEngine/UnityEngine.PhysicsModule.dll'
-r:'/Applications/Unity/Unity.app/Contents/Managed/UnityEngine/UnityEngine.VehiclesModule.dll'
-r:'/Applications/Unity/Unity.app/Contents/Managed/UnityEngine/UnityEngine.ClothModule.dll'
-r:'/Applications/Unity/Unity.app/Contents/Managed/UnityEngine/UnityEngine.AIModule.dll'
-r:'/Applications/Unity/Unity.app/Contents/Managed/UnityEngine/UnityEngine.AnimationModule.dll'
-r:'/Applications/Unity/Unity.app/Contents/Managed/UnityEngine/UnityEngine.TextRenderingModule.dll'
-r:'/Applications/Unity/Unity.app/Contents/Managed/UnityEngine/UnityEngine.UIModule.dll'
-r:'/Applications/Unity/Unity.app/Contents/Managed/UnityEngine/UnityEngine.TerrainPhysicsModule.dll'
-r:'/Applications/Unity/Unity.app/Contents/Managed/UnityEngine/UnityEngine.IMGUIModule.dll'
-r:'/Applications/Unity/Unity.app/Contents/Managed/UnityEngine/UnityEngine.UnityWebRequestModule.dll'
-r:'/Applications/Unity/Unity.app/Contents/Managed/UnityEngine/UnityEngine.UnityWebRequestAudioModule.dll'
-r:'/Applications/Unity/Unity.app/Contents/Managed/UnityEngine/UnityEngine.UnityWebRequestTextureModule.dll'
-r:'/Applications/Unity/Unity.app/Contents/Managed/UnityEngine/UnityEngine.UnityWebRequestWWWModule.dll'
-r:'/Applications/Unity/Unity.app/Contents/Managed/UnityEngine/UnityEngine.ClusterInputModule.dll'
-r:'/Applications/Unity/Unity.app/Contents/Managed/UnityEngine/UnityEngine.ClusterRendererModule.dll'
-r:'/Applications/Unity/Unity.app/Contents/Managed/UnityEngine/UnityEngine.UNETModule.dll'
-r:'/Applications/Unity/Unity.app/Contents/Managed/UnityEngine/UnityEngine.DirectorModule.dll'
-r:'/Applications/Unity/Unity.app/Contents/Managed/UnityEngine/UnityEngine.UnityAnalyticsModule.dll'
-r:'/Applications/Unity/Unity.app/Contents/Managed/UnityEngine/UnityEngine.CrashReportingModule.dll'
-r:'/Applications/Unity/Unity.app/Contents/Managed/UnityEngine/UnityEngine.PerformanceReportingModule.dll'
-r:'/Applications/Unity/Unity.app/Contents/Managed/UnityEngine/UnityEngine.UnityConnectModule.dll'
-r:'/Applications/Unity/Unity.app/Contents/Managed/UnityEngine/UnityEngine.WebModule.dll'
-r:'/Applications/Unity/Unity.app/Contents/Managed/UnityEngine/UnityEngine.ARModule.dll'
-r:'/Applications/Unity/Unity.app/Contents/Managed/UnityEngine/UnityEngine.VRModule.dll'
-r:'/Applications/Unity/Unity.app/Contents/Managed/UnityEngine/UnityEngine.UIElementsModule.dll'
-r:'/Applications/Unity/Unity.app/Contents/Managed/UnityEngine/UnityEngine.StyleSheetsModule.dll'
-r:'/Applications/Unity/Unity.app/Contents/Managed/UnityEngine/UnityEngine.AudioModule.dll'
-r:'/Applications/Unity/Unity.app/Contents/Managed/UnityEngine/UnityEngine.GameCenterModule.dll'
-r:'/Applications/Unity/Unity.app/Contents/Managed/UnityEngine/UnityEngine.GridModule.dll'
-r:'/Applications/Unity/Unity.app/Contents/Managed/UnityEngine/UnityEngine.ImageConversionModule.dll'
-r:'/Applications/Unity/Unity.app/Contents/Managed/UnityEngine/UnityEngine.InputModule.dll'
-r:'/Applications/Unity/Unity.app/Contents/Managed/UnityEngine/UnityEngine.JSONSerializeModule.dll'
-r:'/Applications/Unity/Unity.app/Contents/Managed/UnityEngine/UnityEngine.ParticlesLegacyModule.dll'
-r:'/Applications/Unity/Unity.app/Contents/Managed/UnityEngine/UnityEngine.Physics2DModule.dll'
-r:'/Applications/Unity/Unity.app/Contents/Managed/UnityEngine/UnityEngine.ScreenCaptureModule.dll'
-r:'/Applications/Unity/Unity.app/Contents/Managed/UnityEngine/UnityEngine.SpriteMaskModule.dll'
-r:'/Applications/Unity/Unity.app/Contents/Managed/UnityEngine/UnityEngine.TerrainModule.dll'
-r:'/Applications/Unity/Unity.app/Contents/Managed/UnityEngine/UnityEngine.TilemapModule.dll'
-r:'/Applications/Unity/Unity.app/Contents/Managed/UnityEngine/UnityEngine.VideoModule.dll'
-r:'/Applications/Unity/Unity.app/Contents/Managed/UnityEngine/UnityEngine.WindModule.dll'
-r:'/Applications/Unity/Unity.app/Contents/UnityExtensions/Unity/UIAutomation/UnityEngine.UIAutomation.dll'
-r:'/Applications/Unity/Unity.app/Contents/UnityExtensions/Unity/UIAutomation/Editor/UnityEditor.UIAutomation.dll'
-r:'/Applications/Unity/Unity.app/Contents/UnityExtensions/Unity/TestRunner/Editor/UnityEditor.TestRunner.dll'
-r:'/Applications/Unity/Unity.app/Contents/UnityExtensions/Unity/TestRunner/UnityEngine.TestRunner.dll'
-r:'/Applications/Unity/Unity.app/Contents/UnityExtensions/Unity/TestRunner/net35/unity-custom/nunit.framework.dll'
-r:'/Applications/Unity/Unity.app/Contents/UnityExtensions/Unity/Networking/UnityEngine.Networking.dll'
-r:'/Applications/Unity/Unity.app/Contents/UnityExtensions/Unity/Networking/Editor/UnityEditor.Networking.dll'
-r:'/Applications/Unity/Unity.app/Contents/UnityExtensions/Unity/GUISystem/UnityEngine.UI.dll'
-r:'/Applications/Unity/Unity.app/Contents/UnityExtensions/Unity/GUISystem/Editor/UnityEditor.UI.dll'
-r:'/Applications/Unity/Unity.app/Contents/UnityExtensions/Unity/Timeline/RuntimeEditor/UnityEngine.Timeline.dll'
-r:'/Applications/Unity/Unity.app/Contents/UnityExtensions/Unity/Timeline/Editor/UnityEditor.Timeline.dll'
-r:'/Applications/Unity/Unity.app/Contents/UnityExtensions/Unity/TreeEditor/Editor/UnityEditor.TreeEditor.dll'
-r:'/Applications/Unity/Unity.app/Contents/UnityExtensions/Unity/UnityGoogleAudioSpatializer/Editor/UnityEditor.GoogleAudioSpatializer.dll'
-r:'/Applications/Unity/Unity.app/Contents/UnityExtensions/Unity/UnityGoogleAudioSpatializer/RuntimeEditor/UnityEngine.GoogleAudioSpatializer.dll'
-r:'/Applications/Unity/Unity.app/Contents/UnityExtensions/Unity/UnityHoloLens/Editor/UnityEditor.HoloLens.dll'
-r:'/Applications/Unity/Unity.app/Contents/UnityExtensions/Unity/UnityHoloLens/RuntimeEditor/UnityEngine.HoloLens.dll'
-r:'/Applications/Unity/Unity.app/Contents/UnityExtensions/Unity/UnitySpatialTracking/Editor/UnityEditor.SpatialTracking.dll'
-r:'/Applications/Unity/Unity.app/Contents/UnityExtensions/Unity/UnitySpatialTracking/RuntimeEditor/UnityEngine.SpatialTracking.dll'
-r:'/Applications/Unity/Unity.app/Contents/UnityExtensions/Unity/UnityVR/Editor/UnityEditor.VR.dll'
-r:'/Applications/Unity/PlaybackEngines/VuforiaSupport/Managed/Editor/Vuforia.UnityExtensions.Editor.dll'
-r:'/Applications/Unity/PlaybackEngines/VuforiaSupport/Managed/Runtime/Vuforia.UnityExtensions.dll'
-r:'/Applications/Unity/Unity.app/Contents/Managed/UnityEditor.Graphs.dll'
-r:'/Applications/Unity/PlaybackEngines/AndroidPlayer/UnityEditor.Android.Extensions.dll'
-r:'/Applications/Unity/PlaybackEngines/iOSSupport/UnityEditor.iOS.Extensions.dll'
-r:'/Applications/Unity/Unity.app/Contents/PlaybackEngines/MacStandaloneSupport/UnityEditor.OSXStandalone.Extensions.dll'
-r:'/Users/sunyuli/Library/Unity/cache/packages/packages.unity.com/com.unity.ads@1.0.7/Editor/UnityEditor.Advertisements.dll'
-r:'/Users/sunyuli/Library/Unity/cache/packages/packages.unity.com/com.unity.analytics@1.0.1/UnityEngine.Analytics.dll'
-r:'/Users/sunyuli/Library/Unity/cache/packages/packages.unity.com/com.unity.analytics@1.0.1/Editor/UnityEditor.Analytics.dll'
-r:'/Users/sunyuli/Library/Unity/cache/packages/packages.unity.com/com.unity.purchasing@1.0.1/UnityEngine.Purchasing.dll'
-r:'/Users/sunyuli/Library/Unity/cache/packages/packages.unity.com/com.unity.purchasing@1.0.1/Editor/UnityEditor.Purchasing.dll'
-r:'/Applications/Unity/PlaybackEngines/iOSSupport/UnityEditor.iOS.Extensions.Xcode.dll'
-r:'/Applications/Unity/PlaybackEngines/iOSSupport/UnityEditor.iOS.Extensions.Common.dll'
-define:UNITY_5_3_OR_NEWER
-define:UNITY_5_4_OR_NEWER
-define:UNITY_5_5_OR_NEWER
-define:UNITY_5_6_OR_NEWER
-define:UNITY_2017_1_OR_NEWER
-define:UNITY_2017_2_OR_NEWER
-define:UNITY_2017_2_1
-define:UNITY_2017_2
-define:UNITY_2017
-define:ENABLE_AUDIO
-define:ENABLE_CACHING
-define:ENABLE_CLOTH
-define:ENABLE_GENERICS
-define:ENABLE_PVR_GI
-define:ENABLE_MICROPHONE
-define:ENABLE_MULTIPLE_DISPLAYS
-define:ENABLE_PHYSICS
-define:ENABLE_SPRITERENDERER_FLIPPING
-define:ENABLE_SPRITES
-define:ENABLE_GRID
-define:ENABLE_TILEMAP
-define:ENABLE_TERRAIN
-define:ENABLE_RAKNET
-define:ENABLE_DIRECTOR
-define:ENABLE_UNET
-define:ENABLE_LZMA
-define:ENABLE_UNITYEVENTS
-define:ENABLE_WEBCAM
-define:ENABLE_WWW
-define:ENABLE_CLOUD_SERVICES_COLLAB
-define:ENABLE_CLOUD_SERVICES_COLLAB_SOFTLOCKS
-define:ENABLE_CLOUD_HUB
-define:ENABLE_CLOUD_PROJECT_ID
-define:ENABLE_CLOUD_SERVICES_USE_WEBREQUEST
-define:ENABLE_CLOUD_SERVICES_UNET
-define:ENABLE_CLOUD_SERVICES_BUILD
-define:ENABLE_CLOUD_LICENSE
-define:ENABLE_EDITOR_HUB
-define:ENABLE_EDITOR_HUB_LICENSE
-define:ENABLE_WEBSOCKET_CLIENT
-define:ENABLE_DIRECTOR_AUDIO
-define:ENABLE_TIMELINE
-define:ENABLE_EDITOR_METRICS
-define:ENABLE_EDITOR_METRICS_CACHING
-define:ENABLE_NATIVE_ARRAY
-define:ENABLE_SPRITE_MASKING
-define:INCLUDE_DYNAMIC_GI
-define:INCLUDE_GI
-define:ENABLE_MONO_BDWGC
-define:PLATFORM_SUPPORTS_MONO
-define:INCLUDE_PUBNUB
-define:ENABLE_PLAYMODE_TESTS_RUNNER
-define:ENABLE_VIDEO
-define:ENABLE_RMGUI
-define:ENABLE_PACKMAN
-define:ENABLE_CUSTOM_RENDER_TEXTURE
-define:ENABLE_STYLE_SHEETS
-define:ENABLE_RUNTIME_GI
-define:ENABLE_SUBSTANCE
-define:ENABLE_GAMECENTER
-define:ENABLE_NETWORK
-define:ENABLE_UNITYWEBREQUEST
-define:ENABLE_CLOUD_SERVICES
-define:ENABLE_CLOUD_SERVICES_ADS
-define:ENABLE_CLOUD_SERVICES_ANALYTICS
-define:ENABLE_CLOUD_SERVICES_PURCHASING
-define:ENABLE_CLOUD_SERVICES_CRASH_REPORTING
-define:ENABLE_CLOUD_SERVICES_IOS_NATIVE_CRASH_REPORTING
-define:PLAYERCONNECTION_LISTENS_FIXED_PORT
-define:DEBUGGER_LISTENS_FIXED_PORT
-define:PLATFORM_SUPPORTS_ADS_ID
-define:SUPPORT_ENVIRONMENT_VARIABLES
-define:PLATFORM_SUPPORTS_PROFILER
-define:PLATFORM_HAS_NO_SUPPORT_FOR_BUCKET_ALLOCATOR
-define:STRICTCPP_NEW_DELETE_SIGNATURES
-define:HAS_NEON_SKINNIG
-define:UNITY_GFX_USE_PLATFORM_VSYNC
-define:UNITY_INPUT_SIMULATE_EVENTS
-define:PLATFORM_ALWAYS_USES_STDOUT_FOR_LOG
-define:ENABLE_VR
-define:ENABLE_AR
-define:ENABLE_SPATIALTRACKING
-define:ENABLE_UNITYADS_RUNTIME
-define:UNITY_UNITYADS_API
-define:PLATFORM_IOS
-define:UNITY_IOS
-define:PLATFORM_IPHONE
-define:UNITY_IPHONE
-define:UNITY_IPHONE_API
-define:SUPPORT_MULTIPLE_DISPLAYS
-define:ENABLE_IL2CPP
-define:NET_2_0_SUBSET
-define:ENABLE_PROFILER
-define:DEBUG
-define:TRACE
-define:UNITY_ASSERTIONS
-define:UNITY_EDITOR
-define:UNITY_EDITOR_64
-define:UNITY_EDITOR_OSX
-define:ENABLE_NATIVE_ARRAY_CHECKS
-define:UNITY_TEAM_LICENSE
-define:ENABLE_IOS_ON_DEMAND_RESOURCES
-define:ENABLE_IOS_APP_SLICING
-define:UNITY_HAS_GOOGLEVR
'Assets/Editor/Build/BuildProject.cs'
'Assets/Editor/Build/ShellHelper.cs'
-r:'/Applications/Unity/Unity.app/Contents/MonoBleedingEdge/lib/mono/2.0-api/System.Runtime.Serialization.dll'
-r:'/Applications/Unity/Unity.app/Contents/MonoBleedingEdge/lib/mono/2.0-api/System.Xml.Linq.dll'
-r:'/Applications/Unity/Unity.app/Contents/MonoBleedingEdge/lib/mono/2.0-api/UnityScript.dll'
-r:'/Applications/Unity/Unity.app/Contents/MonoBleedingEdge/lib/mono/2.0-api/UnityScript.Lang.dll'
-r:'/Applications/Unity/Unity.app/Contents/MonoBleedingEdge/lib/mono/2.0-api/Boo.Lang.dll'
-sdk:2.0

-----CompilerOutput:-stdout--exitcode: 0--compilationhadfailure: False--outfile: Temp/Assembly-CSharp-Editor.dll
Compilation succeeded - 1 warning(s)
-----CompilerOutput:-stderr----------
Assets/Editor/Build/BuildProject.cs(29,23): warning CS0168: The variable `e' is declared but never used
-----EndCompilerOutput---------------
- Finished compile Library/ScriptAssemblies/Assembly-CSharp-Editor.dll
Assets/Editor/Build/BuildProject.cs(29,23): warning CS0168: The variable `e' is declared but never used
 
(Filename: Assets/Editor/Build/BuildProject.cs Line: 29)

Reloading assemblies after script compilation.
Begin MonoManager ReloadAssembly
Refreshing native plugins compatible for Editor in 18.66 ms, found 4 plugins.
Preloading 1 native plugins for Editor in 0.43 ms.
Mono: successfully reloaded assembly
- Completed reload, in  0.762 seconds
Initializing Unity.PackageManager (PackageManager) v2017.2.1 for Unity v2017.2.1p2
Registering platform support modules:
Registered platform support modules in: 0.050888s.
Native extension for OSXStandalone target not found
Native extension for iOS target not found
Native extension for Android target not found
Refreshing native plugins compatible for Editor in 0.42 ms, found 4 plugins.
Preloading 1 native plugins for Editor in 0.40 ms.

----- Total AssetImport time: 4.434365s, AssetImport time: 4.371111s, Asset hashing: 0.000387s [8.1 KB, 20.510107 mb/s]

Warming cache for 136 main assets: 0.000229 seconds elapsed
Initializing Unity extensions:
 '/Applications/Unity/Unity.app/Contents/UnityExtensions/Unity/UnityHoloLens/Editor/UnityEditor.HoloLens.dll'  GUID: 12fd8a0055b84bb59e84c9835a37e333
 '/Applications/Unity/Unity.app/Contents/UnityExtensions/Unity/Timeline/Runtime/UnityEngine.Timeline.dll'  GUID: 6a10b2909283487f913b00d94cd3faf5
 '/Applications/Unity/Unity.app/Contents/UnityExtensions/Unity/TestRunner/portable/nunit.framework.dll'  GUID: 405b9b51bb344a128608d968297df79c
 '/Applications/Unity/Unity.app/Contents/UnityExtensions/Unity/GUISystem/Standalone/UnityEngine.UI.dll'  GUID: f70555f144d8491a825f0804e09c671c
 '/Applications/Unity/Unity.app/Contents/UnityExtensions/Unity/GUISystem/UnityEngine.UI.dll'  GUID: f5f67c52d1564df4a8936ccd202a3bd8
 '/Applications/Unity/Unity.app/Contents/UnityExtensions/Unity/Timeline/RuntimeEditor/UnityEngine.Timeline.dll'  GUID: 844f815391db42d49455cbf1a7bfc434
 '/Applications/Unity/Unity.app/Contents/UnityExtensions/Unity/Networking/Standalone/UnityEngine.Networking.dll'  GUID: dc443db3e92b4983b9738c1131f555cb
 '/Applications/Unity/Unity.app/Contents/UnityExtensions/Unity/UnitySpatialTracking/Runtime/UnityEngine.SpatialTracking.dll'  GUID: ed7343f30e3843b3afda8f8b02669cea
 '/Applications/Unity/Unity.app/Contents/UnityExtensions/Unity/UnityGoogleAudioSpatializer/Editor/UnityEditor.GoogleAudioSpatializer.dll'  GUID: 4a3ecb1425d14502837abea459cf2b70
 '/Applications/Unity/Unity.app/Contents/UnityExtensions/Unity/Networking/Editor/UnityEditor.Networking.dll'  GUID: 5f32cd94baa94578a686d4b9d6b660f7
 '/Applications/Unity/Unity.app/Contents/UnityExtensions/Unity/UnityHoloLens/Runtime/UnityEngine.HoloLens.dll'  GUID: f7b54ff4a43d4fcf81b4538b678e0bcc
 '/Applications/Unity/Unity.app/Contents/UnityExtensions/Unity/UnitySpatialTracking/Editor/UnityEditor.SpatialTracking.dll'  GUID: b5da970776034f77a070d99423d68791
 '/Applications/Unity/Unity.app/Contents/UnityExtensions/Unity/TreeEditor/Editor/UnityEditor.TreeEditor.dll'  GUID: adebbd281f1a4ef3a30be7f21937e02f
 '/Applications/Unity/Unity.app/Contents/UnityExtensions/Unity/Networking/UnityEngine.Networking.dll'  GUID: 870353891bb340e2b2a9c8707e7419ba
 '/Applications/Unity/Unity.app/Contents/UnityExtensions/Unity/TestRunner/UnityEngine.TestRunner.dll'  GUID: 53ebcfaa2e1e4e2dbc85882cd5a73fa1
 '/Applications/Unity/Unity.app/Contents/UnityExtensions/Unity/UnityGoogleAudioSpatializer/RuntimeEditor/UnityEngine.GoogleAudioSpatializer.dll'  GUID: ead147da21254ff9a0a936bdd75e1680
 '/Applications/Unity/Unity.app/Contents/UnityExtensions/Unity/UnityGoogleAudioSpatializer/Runtime/UnityEngine.GoogleAudioSpatializer.dll'  GUID: e4f4cf1b9b434137a499903a7a1d651a
 '/Applications/Unity/Unity.app/Contents/UnityExtensions/Unity/UnityVR/Editor/UnityEditor.VR.dll'  GUID: 4ba2329b63d54f0187bcaa12486b1b0f
 '/Applications/Unity/Unity.app/Contents/UnityExtensions/Unity/UnityHoloLens/RuntimeEditor/UnityEngine.HoloLens.dll'  GUID: 1c6d1fbb51834b64847b1b73a75bfc77
 '/Applications/Unity/Unity.app/Contents/UnityExtensions/Unity/UnitySpatialTracking/RuntimeEditor/UnityEngine.SpatialTracking.dll'  GUID: 3a84de5cd0624681b6b6dcd8921d912a
 '/Applications/Unity/Unity.app/Contents/UnityExtensions/Unity/GUISystem/Editor/UnityEditor.UI.dll'  GUID: 80a3616ca19596e4da0f10f14d241e9f
 '/Applications/Unity/Unity.app/Contents/UnityExtensions/Unity/UIAutomation/UnityEngine.UIAutomation.dll'  GUID: c768acbc9cf24d398488bb4c93b91288
 '/Applications/Unity/Unity.app/Contents/UnityExtensions/Unity/TestRunner/Editor/UnityEditor.TestRunner.dll'  GUID: 4113173d5e95493ab8765d7b08371de4
 '/Applications/Unity/Unity.app/Contents/UnityExtensions/Unity/TestRunner/net35/unity-custom/nunit.framework.dll'  GUID: 4b3fa4bde7f1451a8218c03ee6a8ded8
 '/Applications/Unity/Unity.app/Contents/UnityExtensions/Unity/UIAutomation/Editor/UnityEditor.UIAutomation.dll'  GUID: b8a0574e92bd43a59e19d6c3c6ae54c7
 '/Applications/Unity/Unity.app/Contents/UnityExtensions/Unity/Timeline/Editor/UnityEditor.Timeline.dll'  GUID: 7668179ede524d6396c8b7d84461ea29
Unloading 66 Unused Serialized files (Serialized files now loaded: 0)
System memory in use before: 199.2 MB.
System memory in use after: 199.3 MB.

Unloading 9 unused Assets to reduce memory usage. Loaded Objects now: 825.
Total: 0.789460 ms (FindLiveObjects: 0.087370 ms CreateObjectMapping: 0.014409 ms MarkObjects: 0.670575 ms  DeleteObjects: 0.016222 ms)

find scene: /Users/sunyuli/Dev/UnityProjects/LearnUnity01/Assets/Scenes/main.unity
UnityEngine.DebugLogHandler:Internal_Log(LogType, String, Object)
UnityEngine.DebugLogHandler:LogFormat(LogType, Object, String, Object[])
UnityEngine.Logger:Log(LogType, Object)
UnityEngine.Debug:Log(Object)
BuildProject:debugLog(String) (at Assets/Editor/Build/BuildProject.cs:17)
BuildProject:findAllScenes() (at Assets/Editor/Build/BuildProject.cs:51)
BuildProject:BuildIOS() (at Assets/Editor/Build/BuildProject.cs:67)
 
(Filename: Assets/Editor/Build/BuildProject.cs Line: 17)

BuildPlayer: start building target 9
DisplayProgressbar: Building Player

Packing sprites:
[     33 MB ]- Skipping packing - Sprite Packer (Legacy) is off.
[     33 MB ]Opening scene 'Assets/Scenes/main.unity'
Load scene 'Assets/Scenes/main.unity' time: 0.023618 ms 
Setting up 1 worker threads for Enlighten.
  Thread -> id: 70000e520000 -> priority: 1 
Unloading 10 Unused Serialized files (Serialized files now loaded: 0)
System memory in use before: 229.7 MB.
System memory in use after: 229.7 MB.

Unloading 18 unused Assets to reduce memory usage. Loaded Objects now: 2838.
Total: 6.148844 ms (FindLiveObjects: 0.452708 ms CreateObjectMapping: 0.049314 ms MarkObjects: 4.617837 ms  DeleteObjects: 1.026739 ms)

[00:00:00] Enlighten: Precompute started.
Launched and connected shader compiler UnityShaderCompiler after 0.09 seconds
[00:00:00] Enlighten: Finished 1 Layout Systems job (0.00s execute, 0.00s integrate, 0.14s wallclock)
[00:00:00] Enlighten: Finished 1 Tetrahedralize Probes job (0.00s execute, 0.00s integrate, 0.01s wallclock)
[00:00:00] Enlighten: Precompute took 0.152531 seconds.
Enlighten scene contents:   0 geometries.   0 instances.   0 systems.   0 probe groups.   0 cube maps. Scene is up-to-date.
[00:00:00] Enlighten: Bake started.
[PathTracer][LP] Issuing deduplication and tetrahedralization job. Combined: 80257199cfa681a16be5e09b3c2208f4, tetrahedralized probes: 00000000000000000000000000000000, non-tetrahedralized probes: 00000000000000000000000000000000, dependencies: 00000000000000000000000000000000
[PathTracer][LP] Integrating deduplicated and tetrahedralized probes for hash 80257199cfa681a16be5e09b3c2208f4.
[00:00:00] Enlighten: Finished 1 Bake Runtime job (0.04s execute, 0.00s integrate, 0.04s wallclock)
[00:00:00] Enlighten: Bake took 0.043893 seconds.
[PathTracer] Lightmap reset.
[PathTracer][LP] Light probes reset.
[PathTracer] building lightmap data asset.
[00:00:00] Enlighten: Reflection Probes started.
[00:00:00] Enlighten: Finished 1 Ambient Probes job (0.00s execute, 0.00s integrate, 0.01s wallclock)
[00:00:00] Enlighten: Finished 1 Reflection Probes job (0.00s execute, 0.00s integrate, 0.01s wallclock)
Opening scene 'Assets/Scenes/main.unity'
Load scene 'Assets/Scenes/main.unity' time: 0.009704 ms 
Unloading 2 Unused Serialized files (Serialized files now loaded: 0)
System memory in use before: 230.9 MB.
System memory in use after: 230.9 MB.

Unloading 11 unused Assets to reduce memory usage. Loaded Objects now: 2840.
Total: 5.637281 ms (FindLiveObjects: 0.287351 ms CreateObjectMapping: 0.087122 ms MarkObjects: 4.206542 ms  DeleteObjects: 1.054730 ms)

[00:00:00] Enlighten: Precompute started.
[PathTracer] building lightmap data asset.
[00:00:00] Enlighten: Finished 1 Layout Systems job (0.00s execute, 0.00s integrate, 0.01s wallclock)
[00:00:00] Enlighten: Finished 1 Tetrahedralize Probes job (0.00s execute, 0.00s integrate, 0.01s wallclock)
[00:00:00] Enlighten: Precompute took 0.016773 seconds.
Enlighten scene contents:   0 geometries.   0 instances.   0 systems.   0 probe groups.   0 cube maps. Scene is up-to-date.


Mono dependencies included in the build
Dependency assembly - Mono.Security.dll
Dependency assembly - System.Core.dll
Dependency assembly - System.dll
Dependency assembly - mscorlib.dll
Dependency assembly - UnityEngine.UI.dll
Dependency assembly - UnityEngine.Networking.dll
Dependency assembly - UnityEngine.Timeline.dll
Dependency assembly - UnityEngine.SpatialTracking.dll

DisplayProgressbar: Fetching assembly references
Unloading 7 Unused Serialized files (Serialized files now loaded: 0)
System memory in use before: 234.3 MB.
System memory in use after: 234.4 MB.

Unloading 8 unused Assets to reduce memory usage. Loaded Objects now: 2826.
Total: 4.319723 ms (FindLiveObjects: 0.309273 ms CreateObjectMapping: 0.041234 ms MarkObjects: 3.941517 ms  DeleteObjects: 0.026216 ms)

Unloading 1 Unused Serialized files (Serialized files now loaded: 0)
System memory in use before: 234.2 MB.
System memory in use after: 234.4 MB.

Unloading 0 unused Assets to reduce memory usage. Loaded Objects now: 2838.
Total: 3.334061 ms (FindLiveObjects: 0.246238 ms CreateObjectMapping: 0.029163 ms MarkObjects: 3.052401 ms  DeleteObjects: 0.005289 ms)

WARNING: Shader Unsupported: 'AR/TangoARRender' - Pass '' has no vertex shader
WARNING: Shader Unsupported: 'AR/TangoARRender' - Setting to default shader.
Unloading 1 Unused Serialized files (Serialized files now loaded: 0)
System memory in use before: 257.7 MB.
System memory in use after: 234.5 MB.

Unloading 138 unused Assets to reduce memory usage. Loaded Objects now: 2825.
Total: 25.461665 ms (FindLiveObjects: 0.230754 ms CreateObjectMapping: 0.034023 ms MarkObjects: 4.045110 ms  DeleteObjects: 21.150902 ms)

DisplayProgressbar: Building Player
Launched and connected shader compiler UnityShaderCompiler after 0.04 seconds
Launched and connected shader compiler UnityShaderCompiler after 0.04 seconds
Launched and connected shader compiler UnityShaderCompiler after 0.04 seconds
Don't forget to change iPhoneBundleIdentifier in the Player Settings before submitting to the App Store.
UnityEngine.DebugLogHandler:Internal_Log(LogType, String, Object)
UnityEngine.DebugLogHandler:LogFormat(LogType, Object, String, Object[])
UnityEngine.Logger:Log(LogType, Object)
UnityEngine.Debug:LogWarning(Object)
UnityEditor.iOS.PostProcessiPhonePlayer:CheckIOSBundleIdentifier(String, BuildSettings) (at /Users/builduser/buildslave/unity/build/PlatformDependent/iPhonePlayer/Extensions/Common/BuildPostProcessor.cs:1988)
UnityEditor.iOS.PostProcessiPhonePlayer:SetupBuildSettings(PostProcessorSettings, BuildPostProcessArgs) (at /Users/builduser/buildslave/unity/build/PlatformDependent/iPhonePlayer/Extensions/Common/BuildPostProcessor.cs:468)
UnityEditor.iOS.PostProcessiPhonePlayer:PostProcess(PostProcessorSettings, BuildPostProcessArgs) (at /Users/builduser/buildslave/unity/build/PlatformDependent/iPhonePlayer/Extensions/Common/BuildPostProcessor.cs:557)
UnityEditor.iOS.iOSBuildPostprocessor:PostProcess(BuildPostProcessArgs) (at /Users/builduser/buildslave/unity/build/PlatformDependent/iPhonePlayer/Extensions/Common/ExtensionModule.cs:37)
UnityEditor.PostprocessBuildPlayer:Postprocess(BuildTargetGroup, BuildTarget, String, String, String, Int32, Int32, BuildOptions, RuntimeClassRegistry, BuildReport) (at /Users/builduser/buildslave/unity/build/Editor/Mono/BuildPipeline/PostprocessBuildPlayer.cs:271)
UnityEditor.BuildPipeline:BuildPlayerInternalNoCheck(String[], String, String, BuildTargetGroup, BuildTarget, BuildOptions, Boolean)
UnityEditor.BuildPipeline:BuildPlayerInternal(String[], String, String, BuildTargetGroup, BuildTarget, BuildOptions) (at /Users/builduser/buildslave/unity/build/artifacts/generated/common/editor/BuildPipelineBindings.gen.cs:337)
UnityEditor.BuildPipeline:BuildPlayer(String[], String, String, BuildTargetGroup, BuildTarget, BuildOptions) (at /Users/builduser/buildslave/unity/build/artifacts/generated/common/editor/BuildPipelineBindings.gen.cs:234)
UnityEditor.BuildPipeline:BuildPlayer(BuildPlayerOptions) (at /Users/builduser/buildslave/unity/build/artifacts/generated/common/editor/BuildPipelineBindings.gen.cs:212)
BuildProject:BuildIOS() (at Assets/Editor/Build/BuildProject.cs:71)
 
(Filename: /Users/builduser/buildslave/unity/build/PlatformDependent/iPhonePlayer/Extensions/Common/BuildPostProcessor.cs Line: 1988)

DisplayProgressbar: Fetching assembly references
DisplayProgressbar: Building Player
Invoking UnityLinker with arguments: --api=NET_2_0_Subset -out="/Users/sunyuli/Dev/UnityProjects/LearnUnity01/Temp/StagingArea/Data/Managed/tempStrip" -l=none -c=link --link-symbols -x="/Applications/Unity/PlaybackEngines/iOSSupport/Whitelists/Core.xml" -f="/Applications/Unity/Unity.app/Contents/il2cpp/LinkerDescriptors" -x "/Users/sunyuli/Dev/UnityProjects/LearnUnity01/Temp/StagingArea/Data/Managed/../platform_native_link.xml" -x "/Users/sunyuli/Dev/UnityProjects/LearnUnity01/Temp/StagingArea/Data/methods_pointedto_by_uievents.xml" -x "/Users/sunyuli/Dev/UnityProjects/LearnUnity01/Temp/StagingArea/Data/UnityEngine.xml" -x "/Users/sunyuli/Dev/UnityProjects/LearnUnity01/Temp/StagingArea/Data/preserved_derived_types.xml" -d "/Users/sunyuli/Dev/UnityProjects/LearnUnity01/Temp/StagingArea/Data/Managed"
/Applications/Unity/Unity.app/Contents/il2cpp/build/UnityLinker.exe exited after 1432 ms.
/Applications/Unity/Unity.app/Contents/Tools/InternalCallRegistrationWriter/InternalCallRegistrationWriter.exe exited after 198 ms.
Invoking UnityLinker with arguments: --api=NET_2_0_Subset -out="/Users/sunyuli/Dev/UnityProjects/LearnUnity01/Temp/StagingArea/Data/Managed/tempStrip" -l=none -c=link --link-symbols -x="/Applications/Unity/PlaybackEngines/iOSSupport/Whitelists/Core.xml" -f="/Applications/Unity/Unity.app/Contents/il2cpp/LinkerDescriptors" -x "/Users/sunyuli/Dev/UnityProjects/LearnUnity01/Temp/StagingArea/Data/Managed/../platform_native_link.xml" -x "/Users/sunyuli/Dev/UnityProjects/LearnUnity01/Temp/StagingArea/Data/methods_pointedto_by_uievents.xml" -x "/Users/sunyuli/Dev/UnityProjects/LearnUnity01/Temp/StagingArea/Data/UnityEngine.xml" -x "/Users/sunyuli/Dev/UnityProjects/LearnUnity01/Temp/StagingArea/Data/preserved_derived_types.xml" -x "/Applications/Unity/PlaybackEngines/iOSSupport/Whitelists/Audio.xml" -x "/Applications/Unity/PlaybackEngines/iOSSupport/Whitelists/UnityConnect.xml" -x "/Applications/Unity/PlaybackEngines/iOSSupport/Whitelists/GameCenter.xml" -x "/Applications/Unity/PlaybackEngines/iOSSupport/Whitelists/UnityWebRequest.xml" -x "/Applications/Unity/PlaybackEngines/iOSSupport/Whitelists/JSONSerialize.xml" -x "/Applications/Unity/PlaybackEngines/iOSSupport/Whitelists/ImageConversion.xml" -d "/Users/sunyuli/Dev/UnityProjects/LearnUnity01/Temp/StagingArea/Data/Managed"
/Applications/Unity/Unity.app/Contents/il2cpp/build/UnityLinker.exe exited after 1132 ms.
/Applications/Unity/Unity.app/Contents/Tools/InternalCallRegistrationWriter/InternalCallRegistrationWriter.exe exited after 187 ms.
Invoking il2cpp with arguments: --convert-to-cpp --emit-null-checks --enable-array-bounds-check --map-file-parser="/Applications/Unity/Unity.app/Contents/Tools/MapFileParser/MapFileParser" --assembly="/Users/sunyuli/Dev/UnityProjects/LearnUnity01/Temp/StagingArea/Data/Managed/UnityEngine.dll" --generatedcppdir="/Users/sunyuli/Dev/UnityProjects/LearnUnity01/Temp/il2cppOutput/il2cppOutput" 
/Applications/Unity/Unity.app/Contents/il2cpp/build/il2cpp.exe exited after 7108 ms.
Splash screen images not provided: Mobile Splash Screen*, iPhone 3.5''/Retina, iPhone 4''/Retina, iPhone 4.7''/Retina, iPhone 5.5''/Retina, iPhone 5.5'' Landscape/Retina, iPhone X /Retina, iPhone X Landscape/Retina, iPad Portrait, iPad Landscape, iPad Portrait/Retina, iPad Landscape/Retina
UnityEngine.DebugLogHandler:Internal_Log(LogType, String, Object)
UnityEngine.DebugLogHandler:LogFormat(LogType, Object, String, Object[])
UnityEngine.Logger:Log(LogType, Object)
UnityEngine.Debug:LogWarning(Object)
UnityEditor.iOS.PostProcessiPhonePlayer:WarnAboutMissingSplashscreens(ProjectPaths, BuildSettings) (at /Users/builduser/buildslave/unity/build/PlatformDependent/iPhonePlayer/Extensions/Common/BuildPostProcessor.cs:1454)
UnityEditor.iOS.PostProcessiPhonePlayer:UpdateInstallLocation(ProjectPaths, BuildSettings, IncludedFileList) (at /Users/builduser/buildslave/unity/build/PlatformDependent/iPhonePlayer/Extensions/Common/BuildPostProcessor.cs:1330)
UnityEditor.iOS.PostProcessiPhonePlayer:PostProcess(BuildSettings, ProjectPaths, RuntimeClassRegistry, BuildReport) (at /Users/builduser/buildslave/unity/build/PlatformDependent/iPhonePlayer/Extensions/Common/BuildPostProcessor.cs:702)
UnityEditor.iOS.PostProcessiPhonePlayer:PostProcess(PostProcessorSettings, BuildPostProcessArgs) (at /Users/builduser/buildslave/unity/build/PlatformDependent/iPhonePlayer/Extensions/Common/BuildPostProcessor.cs:568)
UnityEditor.iOS.iOSBuildPostprocessor:PostProcess(BuildPostProcessArgs) (at /Users/builduser/buildslave/unity/build/PlatformDependent/iPhonePlayer/Extensions/Common/ExtensionModule.cs:37)
UnityEditor.PostprocessBuildPlayer:Postprocess(BuildTargetGroup, BuildTarget, String, String, String, Int32, Int32, BuildOptions, RuntimeClassRegistry, BuildReport) (at /Users/builduser/buildslave/unity/build/Editor/Mono/BuildPipeline/PostprocessBuildPlayer.cs:271)
UnityEditor.BuildPipeline:BuildPlayerInternalNoCheck(String[], String, String, BuildTargetGroup, BuildTarget, BuildOptions, Boolean)
UnityEditor.BuildPipeline:BuildPlayerInternal(String[], String, String, BuildTargetGroup, BuildTarget, BuildOptions) (at /Users/builduser/buildslave/unity/build/artifacts/generated/common/editor/BuildPipelineBindings.gen.cs:337)
UnityEditor.BuildPipeline:BuildPlayer(String[], String, String, BuildTargetGroup, BuildTarget, BuildOptions) (at /Users/builduser/buildslave/unity/build/artifacts/generated/common/editor/BuildPipelineBindings.gen.cs:234)
UnityEditor.BuildPipeline:BuildPlayer(BuildPlayerOptions) (at /Users/builduser/buildslave/unity/build/artifacts/generated/common/editor/BuildPipelineBindings.gen.cs:212)
BuildProject:BuildIOS() (at Assets/Editor/Build/BuildProject.cs:71)
 
(Filename: /Users/builduser/buildslave/unity/build/PlatformDependent/iPhonePlayer/Extensions/Common/BuildPostProcessor.cs Line: 1454)

xCode Project /Users/sunyuli/Dev/UnityProjects/LearnUnity01/Output/Xcode/Unity-iPhone.xcodeproj
UnityEngine.DebugLogHandler:Internal_Log(LogType, String, Object)
UnityEngine.DebugLogHandler:LogFormat(LogType, Object, String, Object[])
UnityEngine.Logger:Log(LogType, Object)
UnityEngine.Debug:Log(Object)
Vuforia.EditorClasses.PostProcessBuildPlayer:OnPostprocessBuild(BuildTarget, String)
System.Reflection.MonoMethod:InternalInvoke(Object, Object[], Exception&)
System.Reflection.MonoMethod:Invoke(Object, BindingFlags, Binder, Object[], CultureInfo) (at /Users/builduser/buildslave/mono/build/mcs/class/corlib/System.Reflection/MonoMethod.cs:222)
System.Reflection.MethodBase:Invoke(Object, Object[]) (at /Users/builduser/buildslave/mono/build/mcs/class/corlib/System.Reflection/MethodBase.cs:115)
UnityEditor.Build.AttributeCallbackWrapper:OnPostprocessBuild(BuildTarget, String) (at /Users/builduser/buildslave/unity/build/Editor/Mono/BuildPipeline/BuildPipelineInterfaces.cs:85)
UnityEditor.Build.BuildPipelineInterfaces:OnBuildPostProcess(BuildTarget, String, Boolean) (at /Users/builduser/buildslave/unity/build/Editor/Mono/BuildPipeline/BuildPipelineInterfaces.cs:265)
UnityEditor.BuildPipeline:BuildPlayerInternalNoCheck(String[], String, String, BuildTargetGroup, BuildTarget, BuildOptions, Boolean)
UnityEditor.BuildPipeline:BuildPlayerInternal(String[], String, String, BuildTargetGroup, BuildTarget, BuildOptions) (at /Users/builduser/buildslave/unity/build/artifacts/generated/common/editor/BuildPipelineBindings.gen.cs:337)
UnityEditor.BuildPipeline:BuildPlayer(String[], String, String, BuildTargetGroup, BuildTarget, BuildOptions) (at /Users/builduser/buildslave/unity/build/artifacts/generated/common/editor/BuildPipelineBindings.gen.cs:234)
UnityEditor.BuildPipeline:BuildPlayer(BuildPlayerOptions) (at /Users/builduser/buildslave/unity/build/artifacts/generated/common/editor/BuildPipelineBindings.gen.cs:212)
BuildProject:BuildIOS() (at Assets/Editor/Build/BuildProject.cs:71)
 
(Filename: /Users/builduser/buildslave/mono/build/mcs/class/corlib/System.Reflection/MonoMethod.cs Line: 222)

Adding build file Security.framework
UnityEngine.DebugLogHandler:Internal_Log(LogType, String, Object)
UnityEngine.DebugLogHandler:LogFormat(LogType, Object, String, Object[])
UnityEngine.Logger:Log(LogType, Object)
UnityEngine.Debug:Log(Object)
Vuforia.EditorClasses.PostProcessBuildPlayer:AddBuildFile(StreamWriter, Framework)
Vuforia.EditorClasses.PostProcessBuildPlayer:ProcessPbxProj(String, Framework[], ResFile[])
Vuforia.EditorClasses.PostProcessBuildPlayer:OnPostprocessBuild(BuildTarget, String)
System.Reflection.MonoMethod:InternalInvoke(Object, Object[], Exception&)
System.Reflection.MonoMethod:Invoke(Object, BindingFlags, Binder, Object[], CultureInfo) (at /Users/builduser/buildslave/mono/build/mcs/class/corlib/System.Reflection/MonoMethod.cs:222)
System.Reflection.MethodBase:Invoke(Object, Object[]) (at /Users/builduser/buildslave/mono/build/mcs/class/corlib/System.Reflection/MethodBase.cs:115)
UnityEditor.Build.AttributeCallbackWrapper:OnPostprocessBuild(BuildTarget, String) (at /Users/builduser/buildslave/unity/build/Editor/Mono/BuildPipeline/BuildPipelineInterfaces.cs:85)
UnityEditor.Build.BuildPipelineInterfaces:OnBuildPostProcess(BuildTarget, String, Boolean) (at /Users/builduser/buildslave/unity/build/Editor/Mono/BuildPipeline/BuildPipelineInterfaces.cs:265)
UnityEditor.BuildPipeline:BuildPlayerInternalNoCheck(String[], String, String, BuildTargetGroup, BuildTarget, BuildOptions, Boolean)
UnityEditor.BuildPipeline:BuildPlayerInternal(String[], String, String, BuildTargetGroup, BuildTarget, BuildOptions) (at /Users/builduser/buildslave/unity/build/artifacts/generated/common/editor/BuildPipelineBindings.gen.cs:337)
UnityEditor.BuildPipeline:BuildPlayer(String[], String, String, BuildTargetGroup, BuildTarget, BuildOptions) (at /Users/builduser/buildslave/unity/build/artifacts/generated/common/editor/BuildPipelineBindings.gen.cs:234)
UnityEditor.BuildPipeline:BuildPlayer(BuildPlayerOptions) (at /Users/builduser/buildslave/unity/build/artifacts/generated/common/editor/BuildPipelineBindings.gen.cs:212)
BuildProject:BuildIOS() (at Assets/Editor/Build/BuildProject.cs:71)
 
(Filename: /Users/builduser/buildslave/mono/build/mcs/class/corlib/System.Reflection/MonoMethod.cs Line: 222)

Adding framework file reference Security.framework
UnityEngine.DebugLogHandler:Internal_Log(LogType, String, Object)
UnityEngine.DebugLogHandler:LogFormat(LogType, Object, String, Object[])
UnityEngine.Logger:Log(LogType, Object)
UnityEngine.Debug:Log(Object)
Vuforia.EditorClasses.PostProcessBuildPlayer:AddFrameworkFileReference(StreamWriter, Framework)
Vuforia.EditorClasses.PostProcessBuildPlayer:ProcessPbxProj(String, Framework[], ResFile[])
Vuforia.EditorClasses.PostProcessBuildPlayer:OnPostprocessBuild(BuildTarget, String)
System.Reflection.MonoMethod:InternalInvoke(Object, Object[], Exception&)
System.Reflection.MonoMethod:Invoke(Object, BindingFlags, Binder, Object[], CultureInfo) (at /Users/builduser/buildslave/mono/build/mcs/class/corlib/System.Reflection/MonoMethod.cs:222)
System.Reflection.MethodBase:Invoke(Object, Object[]) (at /Users/builduser/buildslave/mono/build/mcs/class/corlib/System.Reflection/MethodBase.cs:115)
UnityEditor.Build.AttributeCallbackWrapper:OnPostprocessBuild(BuildTarget, String) (at /Users/builduser/buildslave/unity/build/Editor/Mono/BuildPipeline/BuildPipelineInterfaces.cs:85)
UnityEditor.Build.BuildPipelineInterfaces:OnBuildPostProcess(BuildTarget, String, Boolean) (at /Users/builduser/buildslave/unity/build/Editor/Mono/BuildPipeline/BuildPipelineInterfaces.cs:265)
UnityEditor.BuildPipeline:BuildPlayerInternalNoCheck(String[], String, String, BuildTargetGroup, BuildTarget, BuildOptions, Boolean)
UnityEditor.BuildPipeline:BuildPlayerInternal(String[], String, String, BuildTargetGroup, BuildTarget, BuildOptions) (at /Users/builduser/buildslave/unity/build/artifacts/generated/common/editor/BuildPipelineBindings.gen.cs:337)
UnityEditor.BuildPipeline:BuildPlayer(String[], String, String, BuildTargetGroup, BuildTarget, BuildOptions) (at /Users/builduser/buildslave/unity/build/artifacts/generated/common/editor/BuildPipelineBindings.gen.cs:234)
UnityEditor.BuildPipeline:BuildPlayer(BuildPlayerOptions) (at /Users/builduser/buildslave/unity/build/artifacts/generated/common/editor/BuildPipelineBindings.gen.cs:212)
BuildProject:BuildIOS() (at Assets/Editor/Build/BuildProject.cs:71)
 
(Filename: /Users/builduser/buildslave/mono/build/mcs/class/corlib/System.Reflection/MonoMethod.cs Line: 222)

Adding build phase Security.framework
UnityEngine.DebugLogHandler:Internal_Log(LogType, String, Object)
UnityEngine.DebugLogHandler:LogFormat(LogType, Object, String, Object[])
UnityEngine.Logger:Log(LogType, Object)
UnityEngine.Debug:Log(Object)
Vuforia.EditorClasses.PostProcessBuildPlayer:AddFrameworksBuildPhase(StreamWriter, Framework)
Vuforia.EditorClasses.PostProcessBuildPlayer:ProcessPbxProj(String, Framework[], ResFile[])
Vuforia.EditorClasses.PostProcessBuildPlayer:OnPostprocessBuild(BuildTarget, String)
System.Reflection.MonoMethod:InternalInvoke(Object, Object[], Exception&)
System.Reflection.MonoMethod:Invoke(Object, BindingFlags, Binder, Object[], CultureInfo) (at /Users/builduser/buildslave/mono/build/mcs/class/corlib/System.Reflection/MonoMethod.cs:222)
System.Reflection.MethodBase:Invoke(Object, Object[]) (at /Users/builduser/buildslave/mono/build/mcs/class/corlib/System.Reflection/MethodBase.cs:115)
UnityEditor.Build.AttributeCallbackWrapper:OnPostprocessBuild(BuildTarget, String) (at /Users/builduser/buildslave/unity/build/Editor/Mono/BuildPipeline/BuildPipelineInterfaces.cs:85)
UnityEditor.Build.BuildPipelineInterfaces:OnBuildPostProcess(BuildTarget, String, Boolean) (at /Users/builduser/buildslave/unity/build/Editor/Mono/BuildPipeline/BuildPipelineInterfaces.cs:265)
UnityEditor.BuildPipeline:BuildPlayerInternalNoCheck(String[], String, String, BuildTargetGroup, BuildTarget, BuildOptions, Boolean)
UnityEditor.BuildPipeline:BuildPlayerInternal(String[], String, String, BuildTargetGroup, BuildTarget, BuildOptions) (at /Users/builduser/buildslave/unity/build/artifacts/generated/common/editor/BuildPipelineBindings.gen.cs:337)
UnityEditor.BuildPipeline:BuildPlayer(String[], String, String, BuildTargetGroup, BuildTarget, BuildOptions) (at /Users/builduser/buildslave/unity/build/artifacts/generated/common/editor/BuildPipelineBindings.gen.cs:234)
UnityEditor.BuildPipeline:BuildPlayer(BuildPlayerOptions) (at /Users/builduser/buildslave/unity/build/artifacts/generated/common/editor/BuildPipelineBindings.gen.cs:212)
BuildProject:BuildIOS() (at Assets/Editor/Build/BuildProject.cs:71)
 
(Filename: /Users/builduser/buildslave/mono/build/mcs/class/corlib/System.Reflection/MonoMethod.cs Line: 222)

Add group Security.framework
UnityEngine.DebugLogHandler:Internal_Log(LogType, String, Object)
UnityEngine.DebugLogHandler:LogFormat(LogType, Object, String, Object[])
UnityEngine.Logger:Log(LogType, Object)
UnityEngine.Debug:Log(Object)
Vuforia.EditorClasses.PostProcessBuildPlayer:AddGroup(StreamWriter, Framework)
Vuforia.EditorClasses.PostProcessBuildPlayer:ProcessPbxProj(String, Framework[], ResFile[])
Vuforia.EditorClasses.PostProcessBuildPlayer:OnPostprocessBuild(BuildTarget, String)
System.Reflection.MonoMethod:InternalInvoke(Object, Object[], Exception&)
System.Reflection.MonoMethod:Invoke(Object, BindingFlags, Binder, Object[], CultureInfo) (at /Users/builduser/buildslave/mono/build/mcs/class/corlib/System.Reflection/MonoMethod.cs:222)
System.Reflection.MethodBase:Invoke(Object, Object[]) (at /Users/builduser/buildslave/mono/build/mcs/class/corlib/System.Reflection/MethodBase.cs:115)
UnityEditor.Build.AttributeCallbackWrapper:OnPostprocessBuild(BuildTarget, String) (at /Users/builduser/buildslave/unity/build/Editor/Mono/BuildPipeline/BuildPipelineInterfaces.cs:85)
UnityEditor.Build.BuildPipelineInterfaces:OnBuildPostProcess(BuildTarget, String, Boolean) (at /Users/builduser/buildslave/unity/build/Editor/Mono/BuildPipeline/BuildPipelineInterfaces.cs:265)
UnityEditor.BuildPipeline:BuildPlayerInternalNoCheck(String[], String, String, BuildTargetGroup, BuildTarget, BuildOptions, Boolean)
UnityEditor.BuildPipeline:BuildPlayerInternal(String[], String, String, BuildTargetGroup, BuildTarget, BuildOptions) (at /Users/builduser/buildslave/unity/build/artifacts/generated/common/editor/BuildPipelineBindings.gen.cs:337)
UnityEditor.BuildPipeline:BuildPlayer(String[], String, String, BuildTargetGroup, BuildTarget, BuildOptions) (at /Users/builduser/buildslave/unity/build/artifacts/generated/common/editor/BuildPipelineBindings.gen.cs:234)
UnityEditor.BuildPipeline:BuildPlayer(BuildPlayerOptions) (at /Users/builduser/buildslave/unity/build/artifacts/generated/common/editor/BuildPipelineBindings.gen.cs:212)
BuildProject:BuildIOS() (at Assets/Editor/Build/BuildProject.cs:71)
 
(Filename: /Users/builduser/buildslave/mono/build/mcs/class/corlib/System.Reflection/MonoMethod.cs Line: 222)


-------------------------------------------------------------------------------
Build Report
Uncompressed usage by category:
Textures      0.0 kb	 0.0% 
Meshes        0.0 kb	 0.0% 
Animations    0.0 kb	 0.0% 
Sounds        0.0 kb	 0.0% 
Shaders       15.6 kb	 0.3% 
Other Assets  1.2 kb	 0.0% 
Levels        10.6 kb	 0.2% 
Scripts       618.3 kb	 13.0% 
Included DLLs 3.9 mb	 84.8% 
File headers  15.8 kb	 0.3% 
Complete size 4.6 mb	 100.0% 

Used Assets and files from the Resources folder, sorted by uncompressed size:
 16.2 kb	 0.3% Resources/unity_builtin_extra
 4.1 kb	 0.1% /Applications/Unity/Unity.app/Contents/UnityExtensions/Unity/GUISystem/UnityEngine.UI.dll
 4.1 kb	 0.1% /Applications/Unity/Unity.app/Contents/UnityExtensions/Unity/GUISystem/Standalone/UnityEngine.UI.dll
 3.8 kb	 0.1% /Applications/Unity/PlaybackEngines/VuforiaSupport/Managed/iOS/Vuforia.UnityExtensions.dll
 3.8 kb	 0.1% /Applications/Unity/PlaybackEngines/VuforiaSupport/Managed/WindowsStoreApps/Vuforia.UnityExtensions.dll
 3.8 kb	 0.1% /Applications/Unity/PlaybackEngines/VuforiaSupport/Managed/Runtime/Vuforia.UnityExtensions.dll
 3.8 kb	 0.1% /Applications/Unity/PlaybackEngines/VuforiaSupport/Managed/Android/Vuforia.UnityExtensions.dll
 1.8 kb	 0.0% /Applications/Unity/Unity.app/Contents/UnityExtensions/Unity/Networking/UnityEngine.Networking.dll
 1.8 kb	 0.0% /Applications/Unity/Unity.app/Contents/UnityExtensions/Unity/Networking/Standalone/UnityEngine.Networking.dll
 1.5 kb	 0.0% /Applications/Unity/Unity.app/Contents/UnityExtensions/Unity/Timeline/RuntimeEditor/UnityEngine.Timeline.dll
 1.5 kb	 0.0% /Applications/Unity/Unity.app/Contents/UnityExtensions/Unity/Timeline/Runtime/UnityEngine.Timeline.dll
 0.7 kb	 0.0% /Applications/Unity/Unity.app/Contents/UnityExtensions/Unity/UnityHoloLens/RuntimeEditor/UnityEngine.HoloLens.dll
 0.7 kb	 0.0% /Applications/Unity/Unity.app/Contents/UnityExtensions/Unity/UnityHoloLens/Runtime/UnityEngine.HoloLens.dll
 0.4 kb	 0.0% /Applications/Unity/Unity.app/Contents/UnityExtensions/Unity/TestRunner/UnityEngine.TestRunner.dll
 0.3 kb	 0.0% Packages/com.unity.ads@1.0.7/UnityEngine.Advertisements.dll
 0.1 kb	 0.0% /Applications/Unity/Unity.app/Contents/UnityExtensions/Unity/UnityGoogleAudioSpatializer/RuntimeEditor/UnityEngine.GoogleAudioSpatializer.dll
 0.1 kb	 0.0% /Applications/Unity/Unity.app/Contents/UnityExtensions/Unity/UnityGoogleAudioSpatializer/Runtime/UnityEngine.GoogleAudioSpatializer.dll
 0.1 kb	 0.0% /Applications/Unity/Unity.app/Contents/UnityExtensions/Unity/UnitySpatialTracking/RuntimeEditor/UnityEngine.SpatialTracking.dll
 0.1 kb	 0.0% /Applications/Unity/Unity.app/Contents/UnityExtensions/Unity/UnitySpatialTracking/Runtime/UnityEngine.SpatialTracking.dll
 0.1 kb	 0.0% Packages/com.unity.analytics@1.0.1/UnityEngine.Analytics.dll
 0.1 kb	 0.0% Assets/Editor/Build/ShellHelper.cs
 0.1 kb	 0.0% Assets/Editor/Build/BuildProject.cs
-------------------------------------------------------------------------------
Unloading 9 Unused Serialized files (Serialized files now loaded: 0)
System memory in use before: 239.2 MB.
System memory in use after: 239.2 MB.

Unloading 18 unused Assets to reduce memory usage. Loaded Objects now: 2840.
Total: 9.056495 ms (FindLiveObjects: 0.420937 ms CreateObjectMapping: 0.096686 ms MarkObjects: 6.961645 ms  DeleteObjects: 1.576233 ms)

Load scene 'Temp/__Backupscenes/0.backup' time: 0.018638 ms 
Unloading 0 Unused Serialized files (Serialized files now loaded: 0)
[00:00:00] Enlighten: Reflection Probes took 15.995332 seconds. Cancelled, so not done yet.
System memory in use before: 238.8 MB.
System memory in use after: 239.0 MB.

Unloading 0 unused Assets to reduce memory usage. Loaded Objects now: 2830.
Total: 4.947324 ms (FindLiveObjects: 0.336198 ms CreateObjectMapping: 0.040499 ms MarkObjects: 4.559657 ms  DeleteObjects: 0.009910 ms)


*** Completed 'Build.Player.iOSSupport' in 17 seconds (17130 ms)

- Starting compile Library/ScriptAssemblies/Assembly-CSharp-Editor.dll

-----Compiler Commandline Arguments:
Filename: /Applications/Unity/Unity.app/Contents/MonoBleedingEdge/bin/mono
Arguments: '/Applications/Unity/Unity.app/Contents/MonoBleedingEdge/lib/mono/4.5/mcs.exe'  @Temp/UnityTempFile-95cc7e782a25941cba06c8ba66d7c788
index: 81
Responsefile: Temp/UnityTempFile-95cc7e782a25941cba06c8ba66d7c788 Contents: 
-debug
-target:library
-nowarn:0169
-langversion:4
-out:'Temp/Assembly-CSharp-Editor.dll'
-unsafe
-r:'/Applications/Unity/Unity.app/Contents/Managed/UnityEditor.dll'
-r:'/Applications/Unity/Unity.app/Contents/Managed/UnityEngine/UnityEngine.dll'
-r:'/Applications/Unity/Unity.app/Contents/Managed/UnityEngine/UnityEngine.CoreModule.dll'
-r:'/Applications/Unity/Unity.app/Contents/Managed/UnityEngine/UnityEngine.AccessibilityModule.dll'
-r:'/Applications/Unity/Unity.app/Contents/Managed/UnityEngine/UnityEngine.ParticleSystemModule.dll'
-r:'/Applications/Unity/Unity.app/Contents/Managed/UnityEngine/UnityEngine.PhysicsModule.dll'
-r:'/Applications/Unity/Unity.app/Contents/Managed/UnityEngine/UnityEngine.VehiclesModule.dll'
-r:'/Applications/Unity/Unity.app/Contents/Managed/UnityEngine/UnityEngine.ClothModule.dll'
-r:'/Applications/Unity/Unity.app/Contents/Managed/UnityEngine/UnityEngine.AIModule.dll'
-r:'/Applications/Unity/Unity.app/Contents/Managed/UnityEngine/UnityEngine.AnimationModule.dll'
-r:'/Applications/Unity/Unity.app/Contents/Managed/UnityEngine/UnityEngine.TextRenderingModule.dll'
-r:'/Applications/Unity/Unity.app/Contents/Managed/UnityEngine/UnityEngine.UIModule.dll'
-r:'/Applications/Unity/Unity.app/Contents/Managed/UnityEngine/UnityEngine.TerrainPhysicsModule.dll'
-r:'/Applications/Unity/Unity.app/Contents/Managed/UnityEngine/UnityEngine.IMGUIModule.dll'
-r:'/Applications/Unity/Unity.app/Contents/Managed/UnityEngine/UnityEngine.UnityWebRequestModule.dll'
-r:'/Applications/Unity/Unity.app/Contents/Managed/UnityEngine/UnityEngine.UnityWebRequestAudioModule.dll'
-r:'/Applications/Unity/Unity.app/Contents/Managed/UnityEngine/UnityEngine.UnityWebRequestTextureModule.dll'
-r:'/Applications/Unity/Unity.app/Contents/Managed/UnityEngine/UnityEngine.UnityWebRequestWWWModule.dll'
-r:'/Applications/Unity/Unity.app/Contents/Managed/UnityEngine/UnityEngine.ClusterInputModule.dll'
-r:'/Applications/Unity/Unity.app/Contents/Managed/UnityEngine/UnityEngine.ClusterRendererModule.dll'
-r:'/Applications/Unity/Unity.app/Contents/Managed/UnityEngine/UnityEngine.UNETModule.dll'
-r:'/Applications/Unity/Unity.app/Contents/Managed/UnityEngine/UnityEngine.DirectorModule.dll'
-r:'/Applications/Unity/Unity.app/Contents/Managed/UnityEngine/UnityEngine.UnityAnalyticsModule.dll'
-r:'/Applications/Unity/Unity.app/Contents/Managed/UnityEngine/UnityEngine.CrashReportingModule.dll'
-r:'/Applications/Unity/Unity.app/Contents/Managed/UnityEngine/UnityEngine.PerformanceReportingModule.dll'
-r:'/Applications/Unity/Unity.app/Contents/Managed/UnityEngine/UnityEngine.UnityConnectModule.dll'
-r:'/Applications/Unity/Unity.app/Contents/Managed/UnityEngine/UnityEngine.WebModule.dll'
-r:'/Applications/Unity/Unity.app/Contents/Managed/UnityEngine/UnityEngine.ARModule.dll'
-r:'/Applications/Unity/Unity.app/Contents/Managed/UnityEngine/UnityEngine.VRModule.dll'
-r:'/Applications/Unity/Unity.app/Contents/Managed/UnityEngine/UnityEngine.UIElementsModule.dll'
-r:'/Applications/Unity/Unity.app/Contents/Managed/UnityEngine/UnityEngine.StyleSheetsModule.dll'
-r:'/Applications/Unity/Unity.app/Contents/Managed/UnityEngine/UnityEngine.AudioModule.dll'
-r:'/Applications/Unity/Unity.app/Contents/Managed/UnityEngine/UnityEngine.GameCenterModule.dll'
-r:'/Applications/Unity/Unity.app/Contents/Managed/UnityEngine/UnityEngine.GridModule.dll'
-r:'/Applications/Unity/Unity.app/Contents/Managed/UnityEngine/UnityEngine.ImageConversionModule.dll'
-r:'/Applications/Unity/Unity.app/Contents/Managed/UnityEngine/UnityEngine.InputModule.dll'
-r:'/Applications/Unity/Unity.app/Contents/Managed/UnityEngine/UnityEngine.JSONSerializeModule.dll'
-r:'/Applications/Unity/Unity.app/Contents/Managed/UnityEngine/UnityEngine.ParticlesLegacyModule.dll'
-r:'/Applications/Unity/Unity.app/Contents/Managed/UnityEngine/UnityEngine.Physics2DModule.dll'
-r:'/Applications/Unity/Unity.app/Contents/Managed/UnityEngine/UnityEngine.ScreenCaptureModule.dll'
-r:'/Applications/Unity/Unity.app/Contents/Managed/UnityEngine/UnityEngine.SpriteMaskModule.dll'
-r:'/Applications/Unity/Unity.app/Contents/Managed/UnityEngine/UnityEngine.TerrainModule.dll'
-r:'/Applications/Unity/Unity.app/Contents/Managed/UnityEngine/UnityEngine.TilemapModule.dll'
-r:'/Applications/Unity/Unity.app/Contents/Managed/UnityEngine/UnityEngine.VideoModule.dll'
-r:'/Applications/Unity/Unity.app/Contents/Managed/UnityEngine/UnityEngine.WindModule.dll'
-r:'/Applications/Unity/Unity.app/Contents/UnityExtensions/Unity/UIAutomation/UnityEngine.UIAutomation.dll'
-r:'/Applications/Unity/Unity.app/Contents/UnityExtensions/Unity/UIAutomation/Editor/UnityEditor.UIAutomation.dll'
-r:'/Applications/Unity/Unity.app/Contents/UnityExtensions/Unity/TestRunner/Editor/UnityEditor.TestRunner.dll'
-r:'/Applications/Unity/Unity.app/Contents/UnityExtensions/Unity/TestRunner/UnityEngine.TestRunner.dll'
-r:'/Applications/Unity/Unity.app/Contents/UnityExtensions/Unity/TestRunner/net35/unity-custom/nunit.framework.dll'
-r:'/Applications/Unity/Unity.app/Contents/UnityExtensions/Unity/Networking/UnityEngine.Networking.dll'
-r:'/Applications/Unity/Unity.app/Contents/UnityExtensions/Unity/Networking/Editor/UnityEditor.Networking.dll'
-r:'/Applications/Unity/Unity.app/Contents/UnityExtensions/Unity/GUISystem/UnityEngine.UI.dll'
-r:'/Applications/Unity/Unity.app/Contents/UnityExtensions/Unity/GUISystem/Editor/UnityEditor.UI.dll'
-r:'/Applications/Unity/Unity.app/Contents/UnityExtensions/Unity/Timeline/RuntimeEditor/UnityEngine.Timeline.dll'
-r:'/Applications/Unity/Unity.app/Contents/UnityExtensions/Unity/Timeline/Editor/UnityEditor.Timeline.dll'
-r:'/Applications/Unity/Unity.app/Contents/UnityExtensions/Unity/TreeEditor/Editor/UnityEditor.TreeEditor.dll'
-r:'/Applications/Unity/Unity.app/Contents/UnityExtensions/Unity/UnityGoogleAudioSpatializer/Editor/UnityEditor.GoogleAudioSpatializer.dll'
-r:'/Applications/Unity/Unity.app/Contents/UnityExtensions/Unity/UnityGoogleAudioSpatializer/RuntimeEditor/UnityEngine.GoogleAudioSpatializer.dll'
-r:'/Applications/Unity/Unity.app/Contents/UnityExtensions/Unity/UnityHoloLens/Editor/UnityEditor.HoloLens.dll'
-r:'/Applications/Unity/Unity.app/Contents/UnityExtensions/Unity/UnityHoloLens/RuntimeEditor/UnityEngine.HoloLens.dll'
-r:'/Applications/Unity/Unity.app/Contents/UnityExtensions/Unity/UnitySpatialTracking/Editor/UnityEditor.SpatialTracking.dll'
-r:'/Applications/Unity/Unity.app/Contents/UnityExtensions/Unity/UnitySpatialTracking/RuntimeEditor/UnityEngine.SpatialTracking.dll'
-r:'/Applications/Unity/Unity.app/Contents/UnityExtensions/Unity/UnityVR/Editor/UnityEditor.VR.dll'
-r:'/Applications/Unity/PlaybackEngines/VuforiaSupport/Managed/Editor/Vuforia.UnityExtensions.Editor.dll'
-r:'/Applications/Unity/PlaybackEngines/VuforiaSupport/Managed/Runtime/Vuforia.UnityExtensions.dll'
-r:'/Applications/Unity/Unity.app/Contents/Managed/UnityEditor.Graphs.dll'
-r:'/Applications/Unity/PlaybackEngines/AndroidPlayer/UnityEditor.Android.Extensions.dll'
-r:'/Applications/Unity/PlaybackEngines/iOSSupport/UnityEditor.iOS.Extensions.dll'
-r:'/Applications/Unity/Unity.app/Contents/PlaybackEngines/MacStandaloneSupport/UnityEditor.OSXStandalone.Extensions.dll'
-r:'/Users/sunyuli/Library/Unity/cache/packages/packages.unity.com/com.unity.ads@1.0.7/Editor/UnityEditor.Advertisements.dll'
-r:'/Users/sunyuli/Library/Unity/cache/packages/packages.unity.com/com.unity.analytics@1.0.1/UnityEngine.Analytics.dll'
-r:'/Users/sunyuli/Library/Unity/cache/packages/packages.unity.com/com.unity.analytics@1.0.1/Editor/UnityEditor.Analytics.dll'
-r:'/Users/sunyuli/Library/Unity/cache/packages/packages.unity.com/com.unity.purchasing@1.0.1/UnityEngine.Purchasing.dll'
-r:'/Users/sunyuli/Library/Unity/cache/packages/packages.unity.com/com.unity.purchasing@1.0.1/Editor/UnityEditor.Purchasing.dll'
-r:'/Applications/Unity/PlaybackEngines/iOSSupport/UnityEditor.iOS.Extensions.Xcode.dll'
-r:'/Applications/Unity/PlaybackEngines/iOSSupport/UnityEditor.iOS.Extensions.Common.dll'
-define:UNITY_5_3_OR_NEWER
-define:UNITY_5_4_OR_NEWER
-define:UNITY_5_5_OR_NEWER
-define:UNITY_5_6_OR_NEWER
-define:UNITY_2017_1_OR_NEWER
-define:UNITY_2017_2_OR_NEWER
-define:UNITY_2017_2_1
-define:UNITY_2017_2
-define:UNITY_2017
-define:ENABLE_AUDIO
-define:ENABLE_CACHING
-define:ENABLE_CLOTH
-define:ENABLE_GENERICS
-define:ENABLE_PVR_GI
-define:ENABLE_MICROPHONE
-define:ENABLE_MULTIPLE_DISPLAYS
-define:ENABLE_PHYSICS
-define:ENABLE_SPRITERENDERER_FLIPPING
-define:ENABLE_SPRITES
-define:ENABLE_GRID
-define:ENABLE_TILEMAP
-define:ENABLE_TERRAIN
-define:ENABLE_RAKNET
-define:ENABLE_DIRECTOR
-define:ENABLE_UNET
-define:ENABLE_LZMA
-define:ENABLE_UNITYEVENTS
-define:ENABLE_WEBCAM
-define:ENABLE_WWW
-define:ENABLE_CLOUD_SERVICES_COLLAB
-define:ENABLE_CLOUD_SERVICES_COLLAB_SOFTLOCKS
-define:ENABLE_CLOUD_HUB
-define:ENABLE_CLOUD_PROJECT_ID
-define:ENABLE_CLOUD_SERVICES_USE_WEBREQUEST
-define:ENABLE_CLOUD_SERVICES_UNET
-define:ENABLE_CLOUD_SERVICES_BUILD
-define:ENABLE_CLOUD_LICENSE
-define:ENABLE_EDITOR_HUB
-define:ENABLE_EDITOR_HUB_LICENSE
-define:ENABLE_WEBSOCKET_CLIENT
-define:ENABLE_DIRECTOR_AUDIO
-define:ENABLE_TIMELINE
-define:ENABLE_EDITOR_METRICS
-define:ENABLE_EDITOR_METRICS_CACHING
-define:ENABLE_NATIVE_ARRAY
-define:ENABLE_SPRITE_MASKING
-define:INCLUDE_DYNAMIC_GI
-define:INCLUDE_GI
-define:ENABLE_MONO_BDWGC
-define:PLATFORM_SUPPORTS_MONO
-define:INCLUDE_PUBNUB
-define:ENABLE_PLAYMODE_TESTS_RUNNER
-define:ENABLE_VIDEO
-define:ENABLE_RMGUI
-define:ENABLE_PACKMAN
-define:ENABLE_CUSTOM_RENDER_TEXTURE
-define:ENABLE_STYLE_SHEETS
-define:ENABLE_RUNTIME_GI
-define:ENABLE_SUBSTANCE
-define:ENABLE_GAMECENTER
-define:ENABLE_NETWORK
-define:ENABLE_UNITYWEBREQUEST
-define:ENABLE_CLOUD_SERVICES
-define:ENABLE_CLOUD_SERVICES_ADS
-define:ENABLE_CLOUD_SERVICES_ANALYTICS
-define:ENABLE_CLOUD_SERVICES_PURCHASING
-define:ENABLE_CLOUD_SERVICES_CRASH_REPORTING
-define:ENABLE_CLOUD_SERVICES_IOS_NATIVE_CRASH_REPORTING
-define:PLAYERCONNECTION_LISTENS_FIXED_PORT
-define:DEBUGGER_LISTENS_FIXED_PORT
-define:PLATFORM_SUPPORTS_ADS_ID
-define:SUPPORT_ENVIRONMENT_VARIABLES
-define:PLATFORM_SUPPORTS_PROFILER
-define:PLATFORM_HAS_NO_SUPPORT_FOR_BUCKET_ALLOCATOR
-define:STRICTCPP_NEW_DELETE_SIGNATURES
-define:HAS_NEON_SKINNIG
-define:UNITY_GFX_USE_PLATFORM_VSYNC
-define:UNITY_INPUT_SIMULATE_EVENTS
-define:PLATFORM_ALWAYS_USES_STDOUT_FOR_LOG
-define:ENABLE_VR
-define:ENABLE_AR
-define:ENABLE_SPATIALTRACKING
-define:ENABLE_UNITYADS_RUNTIME
-define:UNITY_UNITYADS_API
-define:PLATFORM_IOS
-define:UNITY_IOS
-define:PLATFORM_IPHONE
-define:UNITY_IPHONE
-define:UNITY_IPHONE_API
-define:SUPPORT_MULTIPLE_DISPLAYS
-define:ENABLE_IL2CPP
-define:NET_2_0_SUBSET
-define:ENABLE_PROFILER
-define:DEBUG
-define:TRACE
-define:UNITY_ASSERTIONS
-define:UNITY_EDITOR
-define:UNITY_EDITOR_64
-define:UNITY_EDITOR_OSX
-define:ENABLE_NATIVE_ARRAY_CHECKS
-define:UNITY_TEAM_LICENSE
-define:ENABLE_IOS_ON_DEMAND_RESOURCES
-define:ENABLE_IOS_APP_SLICING
-define:UNITY_HAS_GOOGLEVR
'Assets/Editor/Build/BuildProject.cs'
'Assets/Editor/Build/ShellHelper.cs'
-r:'/Applications/Unity/Unity.app/Contents/MonoBleedingEdge/lib/mono/2.0-api/System.Runtime.Serialization.dll'
-r:'/Applications/Unity/Unity.app/Contents/MonoBleedingEdge/lib/mono/2.0-api/System.Xml.Linq.dll'
-r:'/Applications/Unity/Unity.app/Contents/MonoBleedingEdge/lib/mono/2.0-api/UnityScript.dll'
-r:'/Applications/Unity/Unity.app/Contents/MonoBleedingEdge/lib/mono/2.0-api/UnityScript.Lang.dll'
-r:'/Applications/Unity/Unity.app/Contents/MonoBleedingEdge/lib/mono/2.0-api/Boo.Lang.dll'
-sdk:2.0

-----CompilerOutput:-stdout--exitcode: 0--compilationhadfailure: False--outfile: Temp/Assembly-CSharp-Editor.dll
Compilation succeeded - 1 warning(s)
-----CompilerOutput:-stderr----------
Assets/Editor/Build/BuildProject.cs(29,23): warning CS0168: The variable `e' is declared but never used
-----EndCompilerOutput---------------
- Finished compile Library/ScriptAssemblies/Assembly-CSharp-Editor.dll
Assets/Editor/Build/BuildProject.cs(29,23): warning CS0168: The variable `e' is declared but never used
 
(Filename: Assets/Editor/Build/BuildProject.cs Line: 29)

Reloading assemblies after script compilation.
Begin MonoManager ReloadAssembly
Refreshing native plugins compatible for Editor in 0.89 ms, found 4 plugins.
Preloading 1 native plugins for Editor in 0.44 ms.
Mono: successfully reloaded assembly
Refreshing native plugins compatible for Editor in 0.78 ms, found 4 plugins.
Preloading 1 native plugins for Editor in 0.52 ms.

----- Total AssetImport time: 0.092811s, AssetImport time: 0.000000s, Asset hashing: 0.000000s [0 B, 0.000000 mb/s]

- Completed reload, in  1.286 seconds
Initializing Unity.PackageManager (PackageManager) v2017.2.1 for Unity v2017.2.1p2
Registering platform support modules:
Registered platform support modules in: 0.072162s.
Native extension for OSXStandalone target not found
Native extension for iOS target not found
Native extension for Android target not found
Batchmode quit successfully invoked - shutting down!
Refresh: detecting if any assets need to be imported or removed ... Refresh: elapses 0.063135 seconds
Refreshing native plugins compatible for Editor in 0.64 ms, found 4 plugins.
Preloading 1 native plugins for Editor in 0.44 ms.

----- Total AssetImport time: 0.060326s, AssetImport time: 0.000000s, Asset hashing: 0.000000s [0 B, 0.000000 mb/s]

Updating ProjectSettings/ProjectSettings.asset - GUID: 00000000000000004000000000000000...
 done. [Time: 32.274808 ms] 
Refreshing native plugins compatible for Editor in 0.42 ms, found 4 plugins.
Preloading 1 native plugins for Editor in 0.45 ms.

----- Total AssetImport time: 0.109483s, AssetImport time: 0.060869s, Asset hashing: 0.000000s [0 B, 0.000000 mb/s]

Refresh: detecting if any assets need to be imported or removed ... Refresh: elapses 0.059377 seconds
Refreshing native plugins compatible for Editor in 0.42 ms, found 4 plugins.
Preloading 1 native plugins for Editor in 0.40 ms.

----- Total AssetImport time: 0.056871s, AssetImport time: 0.000000s, Asset hashing: 0.000000s [0 B, 0.000000 mb/s]

[Package Manager] Server::Kill -- Server was shutdown
Cleanup mono
Exiting batchmode successfully now!
